Fri Nov  8 09:40:31 EST 2013
./txl/java-extract-functions.x -s 400 ALL.java >> examples/kraw_java/_functions.xml

Fri Nov  8 09:40:31 EST 2013

Fri Nov  8 09:40:31 EST 2013
./tools/clonepairs.x examples/kraw_java/_functions.xml 0.3 10 2500 > examples/kraw_java/_functions-clones/_functions-clones-0.3.xml
Processing examples/kraw_java/_functions.xml with difference threshold 30%, clone size 10 .. 2500 lines
Reading pcs . done.
Total 35/7500000 potential clones of 10 lines or more
Used 221/125000000 total pc lines
Used 6027/750000000 unique line text chars
 and 180/15000000 unique lines
Sorting pcs . done.
Finding clones  done.
Total 153 pc comparisons
Pruning embedded clone pairs . done.
Pruned 0 embedded clone pairs
Found 52 clone pairs
Generating XML output . done.


real	0m0.084s
user	0m0.018s
sys	0m0.059s

Fri Nov  8 09:40:32 EST 2013

Fri Nov  8 09:40:32 EST 2013
./tools/cloneclasses.x examples/kraw_java/_functions-clones/_functions-clones-0.3.xml > examples/kraw_java/_functions-clones/_functions-clones-0.3-classes.xml
Processing examples/kraw_java/_functions-clones/_functions-clones-0.3.xml
Reading clone pairs . done.
Total 52 pairs
Computing classes  done.
Clustered clone pairs into 2 classes
Generating XML output . done.


real	0m0.189s
user	0m0.019s
sys	0m0.061s

Fri Nov  8 09:40:32 EST 2013

