Copyright (C) 2002-2003 Semantic Designs; All Rights Reserved
C~GCC3 CloneDR Clone Detector and Reporter, Version 2.2.6
Copyright (C) 1998-2010 Semantic Designs Inc.; All Rights Reserved; SD Confidential Restricted
*** Unregistered CloneDR Version 2.2
*** Operating with evaluation limits.

Enter control file name : Project file drive name: C:

--- Selected Parameter Values
Similarity Threshold = 95%
Maximum number of parameters = 6
Minimum Mass (lines) = 5.5
Characters per node = 16
Starting height = 1
Common Path Prefix: C:/Users/dkrutz/Desktop/smallfiles/smallPython/
Results directory: C:/Users/dkrutz/Desktop/smallfiles/postgresql_95_5_55_16_1.results
--- 
Parsing 1 C:/Users/dkrutz/Desktop/smallfiles/smallPython/C:/Users/dkrutz/Desktop/smallfiles/smallpostgresql/list.c...
*** The file "C:/Users/dkrutz/Desktop/smallfiles/smallPython/C:/Users/dkrutz/Desktop/smallfiles/smallpostgresql/list.c" could not be found.
C:/Users/dkrutz/Desktop/smallfiles/smallPython/C:/Users/dkrutz/Desktop/smallfiles/smallpostgresql/list.c***
Parsing 1 C:/Users/dkrutz/Desktop/smallfiles/smallPython/C:/Users/dkrutz/Desktop/smallfiles/smallpostgresql/outfuncs.c...
*** The file "C:/Users/dkrutz/Desktop/smallfiles/smallPython/C:/Users/dkrutz/Desktop/smallfiles/smallpostgresql/outfuncs.c" could not be found.
C:/Users/dkrutz/Desktop/smallfiles/smallPython/C:/Users/dkrutz/Desktop/smallfiles/smallpostgresql/outfuncs.c***
Parsing 1 C:/Users/dkrutz/Desktop/smallfiles/smallPython/C:/Users/dkrutz/Desktop/smallfiles/smallpostgresql/pqformat.c...
*** The file "C:/Users/dkrutz/Desktop/smallfiles/smallPython/C:/Users/dkrutz/Desktop/smallfiles/smallpostgresql/pqformat.c" could not be found.
C:/Users/dkrutz/Desktop/smallfiles/smallPython/C:/Users/dkrutz/Desktop/smallfiles/smallpostgresql/pqformat.c***
Parsing 1 C:/Users/dkrutz/Desktop/smallfiles/smallPython/C:/Users/dkrutz/Desktop/smallfiles/smallpostgresql/readfuncs.c...
*** The file "C:/Users/dkrutz/Desktop/smallfiles/smallPython/C:/Users/dkrutz/Desktop/smallfiles/smallpostgresql/readfuncs.c" could not be found.
C:/Users/dkrutz/Desktop/smallfiles/smallPython/C:/Users/dkrutz/Desktop/smallfiles/smallpostgresql/readfuncs.c***
Parsing 1 C:/Users/dkrutz/Desktop/smallfiles/smallPython/C:/Users/dkrutz/Desktop/smallfiles/smallpostgresql/value.c...
*** The file "C:/Users/dkrutz/Desktop/smallfiles/smallPython/C:/Users/dkrutz/Desktop/smallfiles/smallpostgresql/value.c" could not be found.
C:/Users/dkrutz/Desktop/smallfiles/smallPython/C:/Users/dkrutz/Desktop/smallfiles/smallpostgresql/value.c***
*** 5 files had parsing errors
Exiting with final status 2
