Fri Nov  8 10:25:26 EST 2013
./txl/c-extract-functions.x -s 400 ALL.c >> examples/postgresql/_functions.xml

Fri Nov  8 10:25:27 EST 2013

Fri Nov  8 10:25:27 EST 2013
./tools/clonepairs.x examples/postgresql/_functions.xml 0.0 10 2500 > examples/postgresql/_functions-clones/_functions-clones-0.0.xml
Processing examples/postgresql/_functions.xml with difference threshold 0%, clone size 10 .. 2500 lines
Reading pcs . done.
Total 289/7500000 potential clones of 10 lines or more
Used 2325/125000000 total pc lines
Used 99790/750000000 unique line text chars
 and 2365/15000000 unique lines
Sorting pcs . done.
Finding clones  done.
Total 746 pc comparisons
Pruning embedded clone pairs  done.
Pruned 0 embedded clone pairs
Found 0 clone pairs
Generating XML output  done.


real	0m0.072s
user	0m0.019s
sys	0m0.047s

Fri Nov  8 10:25:27 EST 2013

