Fri Nov  8 09:36:20 EST 2013
./txl/java-extract-functions.x -s 400 ALL.java >> examples/kraw_java/_functions.xml

Fri Nov  8 09:36:20 EST 2013

Fri Nov  8 09:36:20 EST 2013
./tools/clonepairs.x examples/kraw_java/_functions.xml 0.0 10 2500 > examples/kraw_java/_functions-clones/_functions-clones-0.0.xml
Processing examples/kraw_java/_functions.xml with difference threshold 0%, clone size 10 .. 2500 lines
Reading pcs . done.
Total 35/7500000 potential clones of 10 lines or more
Used 221/125000000 total pc lines
Used 6027/750000000 unique line text chars
 and 180/15000000 unique lines
Sorting pcs . done.
Finding clones  done.
Total 93 pc comparisons
Pruning embedded clone pairs  done.
Pruned 0 embedded clone pairs
Found 0 clone pairs
Generating XML output  done.


real	0m0.104s
user	0m0.017s
sys	0m0.055s

Fri Nov  8 09:36:21 EST 2013

