Fri Nov  8 11:14:38 EST 2013
./txl/c-extract-functions.x -s 400 ALL.c >> examples/kraw_c/_functions.xml

Fri Nov  8 11:14:38 EST 2013

Fri Nov  8 11:14:38 EST 2013
./tools/clonepairs.x examples/kraw_c/_functions.xml 0.3 3 2500 > examples/kraw_c/_functions-clones/_functions-clones-0.3.xml
Processing examples/kraw_c/_functions.xml with difference threshold 30%, clone size 3 .. 2500 lines
Reading pcs . done.
Total 31/7500000 potential clones of 3 lines or more
Used 323/125000000 total pc lines
Used 6200/750000000 unique line text chars
 and 180/15000000 unique lines
Sorting pcs . done.
Finding clones  done.
Total 295 pc comparisons
Pruning embedded clone pairs . done.
Pruned 0 embedded clone pairs
Found 63 clone pairs
Generating XML output . done.


real	0m0.101s
user	0m0.017s
sys	0m0.039s

Fri Nov  8 11:14:38 EST 2013

Fri Nov  8 11:14:39 EST 2013
./tools/cloneclasses.x examples/kraw_c/_functions-clones/_functions-clones-0.3.xml > examples/kraw_c/_functions-clones/_functions-clones-0.3-classes.xml
Processing examples/kraw_c/_functions-clones/_functions-clones-0.3.xml
Reading clone pairs . done.
Total 63 pairs
Computing classes  done.
Clustered clone pairs into 3 classes
Generating XML output . done.


real	0m0.088s
user	0m0.016s
sys	0m0.044s

Fri Nov  8 11:14:39 EST 2013

Fri Nov  8 11:14:39 EST 2013
./tools/getsource.x examples/kraw_c/_functions-clones/_functions-clones-0.3.xml examples/kraw_c/_functions-clones/_functions-clones-0.3-withsource.xml

real	0m0.012s
user	0m0.006s
sys	0m0.003s

Fri Nov  8 11:14:39 EST 2013

Fri Nov  8 11:14:39 EST 2013
./tools/getsource.x examples/kraw_c/_functions-clones/_functions-clones-0.3-classes.xml examples/kraw_c/_functions-clones/_functions-clones-0.3-classes-withsource.xml

real	0m0.013s
user	0m0.001s
sys	0m0.002s

Fri Nov  8 11:14:39 EST 2013

Fri Nov  8 11:14:39 EST 2013
./tools/tohtmlpairs.x examples/kraw_c/_functions-clones/_functions-clones-0.3-withsource.xml examples/kraw_c/_functions-clones/_functions-clones-0.3-withsource.html

real	0m0.006s
user	0m0.003s
sys	0m0.002s

Fri Nov  8 11:14:39 EST 2013

Fri Nov  8 11:14:39 EST 2013
./tools/tohtmlpairs.x examples/kraw_c/_functions-clones/_functions-clones-0.3-classes-withsource.xml examples/kraw_c/_functions-clones/_functions-clones-0.3-classes-withsource.html

real	0m0.004s
user	0m0.001s
sys	0m0.001s

Fri Nov  8 11:14:39 EST 2013

