Fri Nov  8 10:23:59 EST 2013
./txl/c-extract-functions.x -s 400 ALL.c >> examples/apache/_functions.xml

Fri Nov  8 10:23:59 EST 2013

Fri Nov  8 10:23:59 EST 2013
./tools/streamprocess.x './txl/c-rename-consistent-functions.x stdin' < examples/apache/_functions.xml > examples/apache/_functions-consistent.xml

real	0m0.175s
user	0m0.150s
sys	0m0.018s

Fri Nov  8 10:23:59 EST 2013

Fri Nov  8 10:23:59 EST 2013
./tools/clonepairs.x examples/apache/_functions-consistent.xml 0.0 10 2500 > examples/apache/_functions-consistent-clones/_functions-consistent-clones-0.0.xml
Processing examples/apache/_functions-consistent.xml with difference threshold 0%, clone size 10 .. 2500 lines
Reading pcs . done.
Total 40/7500000 potential clones of 10 lines or more
Used 705/125000000 total pc lines
Used 17793/750000000 unique line text chars
 and 532/15000000 unique lines
Sorting pcs . done.
Finding clones  done.
Total 4 pc comparisons
Pruning embedded clone pairs . done.
Pruned 0 embedded clone pairs
Found 1 clone pairs
Generating XML output . done.


real	0m0.069s
user	0m0.018s
sys	0m0.042s

Fri Nov  8 10:23:59 EST 2013

