Fri Nov  8 10:16:21 EST 2013
./txl/c-extract-functions.x -s 400 ALL.c >> examples/kraw_c/_functions.xml

Fri Nov  8 10:16:21 EST 2013

Fri Nov  8 10:16:21 EST 2013
./tools/streamprocess.x './txl/c-rename-blind-functions.x stdin' < examples/kraw_c/_functions.xml > examples/kraw_c/_functions-blind.xml

real	0m0.052s
user	0m0.020s
sys	0m0.013s

Fri Nov  8 10:16:21 EST 2013

Fri Nov  8 10:16:21 EST 2013
./tools/clonepairs.x examples/kraw_c/_functions-blind.xml 0.0 10 2500 > examples/kraw_c/_functions-blind-clones/_functions-blind-clones-0.0.xml
Processing examples/kraw_c/_functions-blind.xml with difference threshold 0%, clone size 10 .. 2500 lines
Reading pcs . done.
Total 31/7500000 potential clones of 10 lines or more
Used 272/125000000 total pc lines
Used 4515/750000000 unique line text chars
 and 120/15000000 unique lines
Sorting pcs . done.
Finding clones  done.
Total 107 pc comparisons
Pruning embedded clone pairs . done.
Pruned 0 embedded clone pairs
Found 16 clone pairs
Generating XML output . done.


real	0m0.068s
user	0m0.016s
sys	0m0.048s

Fri Nov  8 10:16:21 EST 2013

