Fri Nov  8 10:17:14 EST 2013
./txl/c-extract-functions.x -s 400 ALL.c >> examples/kraw_c/_functions.xml

Fri Nov  8 10:17:14 EST 2013

Fri Nov  8 10:17:14 EST 2013
./tools/streamprocess.x './txl/c-rename-consistent-functions.x stdin' < examples/kraw_c/_functions.xml > examples/kraw_c/_functions-consistent.xml

real	0m0.064s
user	0m0.024s
sys	0m0.017s

Fri Nov  8 10:17:14 EST 2013

Fri Nov  8 10:17:14 EST 2013
./tools/clonepairs.x examples/kraw_c/_functions-consistent.xml 0.3 10 2500 > examples/kraw_c/_functions-consistent-clones/_functions-consistent-clones-0.3.xml
Processing examples/kraw_c/_functions-consistent.xml with difference threshold 30%, clone size 10 .. 2500 lines
Reading pcs . done.
Total 31/7500000 potential clones of 10 lines or more
Used 272/125000000 total pc lines
Used 5004/750000000 unique line text chars
 and 147/15000000 unique lines
Sorting pcs . done.
Finding clones  done.
Total 210 pc comparisons
Pruning embedded clone pairs . done.
Pruned 0 embedded clone pairs
Found 89 clone pairs
Generating XML output . done.


real	0m0.069s
user	0m0.018s
sys	0m0.047s

Fri Nov  8 10:17:14 EST 2013

