Fri Nov  8 10:17:03 EST 2013
./txl/c-extract-functions.x -s 400 ALL.c >> examples/kraw_c/_functions.xml

Fri Nov  8 10:17:03 EST 2013

Fri Nov  8 10:17:03 EST 2013
./tools/streamprocess.x './txl/c-rename-blind-functions.x stdin' < examples/kraw_c/_functions.xml > examples/kraw_c/_functions-blind.xml

real	0m0.065s
user	0m0.021s
sys	0m0.018s

Fri Nov  8 10:17:03 EST 2013

Fri Nov  8 10:17:03 EST 2013
./tools/clonepairs.x examples/kraw_c/_functions-blind.xml 0.3 10 2500 > examples/kraw_c/_functions-blind-clones/_functions-blind-clones-0.3.xml
Processing examples/kraw_c/_functions-blind.xml with difference threshold 30%, clone size 10 .. 2500 lines
Reading pcs . done.
Total 31/7500000 potential clones of 10 lines or more
Used 272/125000000 total pc lines
Used 4515/750000000 unique line text chars
 and 120/15000000 unique lines
Sorting pcs . done.
Finding clones  done.
Total 210 pc comparisons
Pruning embedded clone pairs . done.
Pruned 0 embedded clone pairs
Found 103 clone pairs
Generating XML output .. done.


real	0m0.085s
user	0m0.018s
sys	0m0.052s

Fri Nov  8 10:17:03 EST 2013

