Fri Nov  8 10:20:28 EST 2013
./txl/c-extract-functions.x -s 400 ALL.c >> examples/python/_functions.xml

Fri Nov  8 10:20:29 EST 2013

Fri Nov  8 10:20:29 EST 2013
./tools/clonepairs.x examples/python/_functions.xml 0.3 10 2500 > examples/python/_functions-clones/_functions-clones-0.3.xml
Processing examples/python/_functions.xml with difference threshold 30%, clone size 10 .. 2500 lines
Reading pcs . done.
Total 156/7500000 potential clones of 10 lines or more
Used 3148/125000000 total pc lines
Used 41869/750000000 unique line text chars
 and 964/15000000 unique lines
Sorting pcs . done.
Finding clones  done.
Total 1517 pc comparisons
Pruning embedded clone pairs . done.
Pruned 0 embedded clone pairs
Found 73 clone pairs
Generating XML output . done.


real	0m0.079s
user	0m0.024s
sys	0m0.047s

Fri Nov  8 10:20:29 EST 2013

