Wed Dec 18 12:11:04 EST 2013
./txl/c-extract-blocks.x -s 400 ALL.c >> examples2/postgresql/_blocks.xml

Wed Dec 18 12:11:04 EST 2013

Wed Dec 18 12:11:04 EST 2013
./tools/clonepairs.x examples2/postgresql/_blocks.xml 0.3 3 2500 > examples2/postgresql/_blocks-clones/_blocks-clones-0.3.xml
Processing examples2/postgresql/_blocks.xml with difference threshold 30%, clone size 3 .. 2500 lines
Reading pcs . done.
Total 349/7500000 potential clones of 3 lines or more
Used 4751/125000000 total pc lines
Used 90184/750000000 unique line text chars
 and 2137/15000000 unique lines
Sorting pcs . done.
Finding clones  done.
Total 21913 pc comparisons
Pruning embedded clone pairs . done.
Pruned 16 embedded clone pairs
Found 79 clone pairs
Generating XML output . done.


real	0m0.086s
user	0m0.028s
sys	0m0.051s

Wed Dec 18 12:11:05 EST 2013

Wed Dec 18 12:11:05 EST 2013
./tools/cloneclasses.x examples2/postgresql/_blocks-clones/_blocks-clones-0.3.xml > examples2/postgresql/_blocks-clones/_blocks-clones-0.3-classes.xml
Processing examples2/postgresql/_blocks-clones/_blocks-clones-0.3.xml
Reading clone pairs . done.
Total 79 pairs
Computing classes  done.
Clustered clone pairs into 36 classes
Generating XML output . done.


real	0m0.072s
user	0m0.016s
sys	0m0.046s

Wed Dec 18 12:11:05 EST 2013

Wed Dec 18 12:11:05 EST 2013
./tools/getsource.x examples2/postgresql/_blocks-clones/_blocks-clones-0.3.xml examples2/postgresql/_blocks-clones/_blocks-clones-0.3-withsource.xml

real	0m0.023s
user	0m0.016s
sys	0m0.004s

Wed Dec 18 12:11:05 EST 2013

Wed Dec 18 12:11:05 EST 2013
./tools/getsource.x examples2/postgresql/_blocks-clones/_blocks-clones-0.3-classes.xml examples2/postgresql/_blocks-clones/_blocks-clones-0.3-classes-withsource.xml

real	0m0.017s
user	0m0.010s
sys	0m0.003s

Wed Dec 18 12:11:05 EST 2013

Wed Dec 18 12:11:05 EST 2013
./tools/tohtmlpairs.x examples2/postgresql/_blocks-clones/_blocks-clones-0.3-withsource.xml examples2/postgresql/_blocks-clones/_blocks-clones-0.3-withsource.html

real	0m0.009s
user	0m0.003s
sys	0m0.002s

Wed Dec 18 12:11:05 EST 2013

Wed Dec 18 12:11:05 EST 2013
./tools/tohtmlpairs.x examples2/postgresql/_blocks-clones/_blocks-clones-0.3-classes-withsource.xml examples2/postgresql/_blocks-clones/_blocks-clones-0.3-classes-withsource.html

real	0m0.005s
user	0m0.002s
sys	0m0.002s

Wed Dec 18 12:11:05 EST 2013

