Wed Dec 18 13:44:34 EST 2013
./txl/c-extract-functions.x -s 400 ALL.c >> examples2/postgresql/_functions.xml

Wed Dec 18 13:44:35 EST 2013

Wed Dec 18 13:44:35 EST 2013
./tools/clonepairs.x examples2/postgresql/_functions.xml 0.4 3 2500 > examples2/postgresql/_functions-clones/_functions-clones-0.4.xml
Processing examples2/postgresql/_functions.xml with difference threshold 40%, clone size 3 .. 2500 lines
Reading pcs . done.
Total 289/7500000 potential clones of 3 lines or more
Used 3409/125000000 total pc lines
Used 100084/750000000 unique line text chars
 and 2365/15000000 unique lines
Sorting pcs . done.
Finding clones  done.
Total 22270 pc comparisons
Pruning embedded clone pairs . done.
Pruned 0 embedded clone pairs
Found 68 clone pairs
Generating XML output . done.


real	0m0.093s
user	0m0.027s
sys	0m0.050s

Wed Dec 18 13:44:35 EST 2013

Wed Dec 18 13:44:35 EST 2013
./tools/cloneclasses.x examples2/postgresql/_functions-clones/_functions-clones-0.4.xml > examples2/postgresql/_functions-clones/_functions-clones-0.4-classes.xml
Processing examples2/postgresql/_functions-clones/_functions-clones-0.4.xml
Reading clone pairs . done.
Total 68 pairs
Computing classes  done.
Clustered clone pairs into 25 classes
Generating XML output . done.


real	0m0.073s
user	0m0.016s
sys	0m0.051s

Wed Dec 18 13:44:35 EST 2013

Wed Dec 18 13:44:35 EST 2013
./tools/getsource.x examples2/postgresql/_functions-clones/_functions-clones-0.4.xml examples2/postgresql/_functions-clones/_functions-clones-0.4-withsource.xml

real	0m0.022s
user	0m0.014s
sys	0m0.004s

Wed Dec 18 13:44:35 EST 2013

Wed Dec 18 13:44:35 EST 2013
./tools/getsource.x examples2/postgresql/_functions-clones/_functions-clones-0.4-classes.xml examples2/postgresql/_functions-clones/_functions-clones-0.4-classes-withsource.xml

real	0m0.012s
user	0m0.008s
sys	0m0.003s

Wed Dec 18 13:44:35 EST 2013

Wed Dec 18 13:44:35 EST 2013
./tools/tohtmlpairs.x examples2/postgresql/_functions-clones/_functions-clones-0.4-withsource.xml examples2/postgresql/_functions-clones/_functions-clones-0.4-withsource.html

real	0m0.010s
user	0m0.004s
sys	0m0.002s

Wed Dec 18 13:44:35 EST 2013

Wed Dec 18 13:44:35 EST 2013
./tools/tohtmlpairs.x examples2/postgresql/_functions-clones/_functions-clones-0.4-classes-withsource.xml examples2/postgresql/_functions-clones/_functions-clones-0.4-classes-withsource.html

real	0m0.005s
user	0m0.002s
sys	0m0.002s

Wed Dec 18 13:44:35 EST 2013

