Fri Nov  8 10:18:14 EST 2013
./txl/c-extract-functions.x -s 400 ALL.c >> examples/python/_functions.xml

Fri Nov  8 10:18:15 EST 2013

Fri Nov  8 10:18:15 EST 2013
./tools/clonepairs.x examples/python/_functions.xml 0.3 10 2500 > examples/python/_functions-clones/_functions-clones-0.3.xml
Processing examples/python/_functions.xml with difference threshold 30%, clone size 10 .. 2500 lines
Reading pcs . done.
Total 156/7500000 potential clones of 10 lines or more
Used 3148/125000000 total pc lines
Used 41869/750000000 unique line text chars
 and 964/15000000 unique lines
Sorting pcs . done.
Finding clones  done.
Total 1517 pc comparisons
Pruning embedded clone pairs . done.
Pruned 0 embedded clone pairs
Found 73 clone pairs
Generating XML output . done.


real	0m0.072s
user	0m0.023s
sys	0m0.047s

Fri Nov  8 10:18:15 EST 2013

Fri Nov  8 10:18:16 EST 2013
./tools/cloneclasses.x examples/python/_functions-clones/_functions-clones-0.3.xml > examples/python/_functions-clones/_functions-clones-0.3-classes.xml
Processing examples/python/_functions-clones/_functions-clones-0.3.xml
Reading clone pairs . done.
Total 73 pairs
Computing classes  done.
Clustered clone pairs into 43 classes
Generating XML output . done.


real	0m0.078s
user	0m0.017s
sys	0m0.045s

Fri Nov  8 10:18:16 EST 2013

