Fri Nov  8 10:15:37 EST 2013
./txl/c-extract-functions.x -s 400 ALL.c >> examples/kraw_c/_functions.xml

Fri Nov  8 10:15:37 EST 2013

Fri Nov  8 10:15:37 EST 2013
./tools/clonepairs.x examples/kraw_c/_functions.xml 0.3 10 2500 > examples/kraw_c/_functions-clones/_functions-clones-0.3.xml
Processing examples/kraw_c/_functions.xml with difference threshold 30%, clone size 10 .. 2500 lines
Reading pcs . done.
Total 31/7500000 potential clones of 10 lines or more
Used 272/125000000 total pc lines
Used 6200/750000000 unique line text chars
 and 180/15000000 unique lines
Sorting pcs . done.
Finding clones  done.
Total 210 pc comparisons
Pruning embedded clone pairs . done.
Pruned 0 embedded clone pairs
Found 53 clone pairs
Generating XML output . done.


real	0m0.070s
user	0m0.017s
sys	0m0.046s

Fri Nov  8 10:15:37 EST 2013

Fri Nov  8 10:15:37 EST 2013
./tools/cloneclasses.x examples/kraw_c/_functions-clones/_functions-clones-0.3.xml > examples/kraw_c/_functions-clones/_functions-clones-0.3-classes.xml
Processing examples/kraw_c/_functions-clones/_functions-clones-0.3.xml
Reading clone pairs . done.
Total 53 pairs
Computing classes  done.
Clustered clone pairs into 3 classes
Generating XML output . done.


real	0m0.067s
user	0m0.016s
sys	0m0.046s

Fri Nov  8 10:15:37 EST 2013

