Fri Nov  8 11:15:08 EST 2013
./txl/c-extract-functions.x -s 400 ALL.c >> examples/apache/_functions.xml

Fri Nov  8 11:15:08 EST 2013

Fri Nov  8 11:15:08 EST 2013
./tools/clonepairs.x examples/apache/_functions.xml 0.3 3 2500 > examples/apache/_functions-clones/_functions-clones-0.3.xml
Processing examples/apache/_functions.xml with difference threshold 30%, clone size 3 .. 2500 lines
Reading pcs . done.
Total 40/7500000 potential clones of 3 lines or more
Used 838/125000000 total pc lines
Used 29057/750000000 unique line text chars
 and 539/15000000 unique lines
Sorting pcs . done.
Finding clones  done.
Total 194 pc comparisons
Pruning embedded clone pairs . done.
Pruned 0 embedded clone pairs
Found 1 clone pairs
Generating XML output . done.


real	0m0.097s
user	0m0.017s
sys	0m0.045s

Fri Nov  8 11:15:08 EST 2013

Fri Nov  8 11:15:08 EST 2013
./tools/cloneclasses.x examples/apache/_functions-clones/_functions-clones-0.3.xml > examples/apache/_functions-clones/_functions-clones-0.3-classes.xml
Processing examples/apache/_functions-clones/_functions-clones-0.3.xml
Reading clone pairs . done.
Total 1 pairs
Computing classes  done.
Clustered clone pairs into 1 classes
Generating XML output . done.


real	0m0.077s
user	0m0.016s
sys	0m0.042s

Fri Nov  8 11:15:08 EST 2013

Fri Nov  8 11:15:08 EST 2013
./tools/getsource.x examples/apache/_functions-clones/_functions-clones-0.3.xml examples/apache/_functions-clones/_functions-clones-0.3-withsource.xml

real	0m0.004s
user	0m0.001s
sys	0m0.001s

Fri Nov  8 11:15:08 EST 2013

Fri Nov  8 11:15:08 EST 2013
./tools/getsource.x examples/apache/_functions-clones/_functions-clones-0.3-classes.xml examples/apache/_functions-clones/_functions-clones-0.3-classes-withsource.xml

real	0m0.004s
user	0m0.001s
sys	0m0.001s

Fri Nov  8 11:15:08 EST 2013

Fri Nov  8 11:15:08 EST 2013
./tools/tohtmlpairs.x examples/apache/_functions-clones/_functions-clones-0.3-withsource.xml examples/apache/_functions-clones/_functions-clones-0.3-withsource.html

real	0m0.004s
user	0m0.001s
sys	0m0.001s

Fri Nov  8 11:15:08 EST 2013

Fri Nov  8 11:15:08 EST 2013
./tools/tohtmlpairs.x examples/apache/_functions-clones/_functions-clones-0.3-classes-withsource.xml examples/apache/_functions-clones/_functions-clones-0.3-classes-withsource.html

real	0m0.011s
user	0m0.001s
sys	0m0.002s

Fri Nov  8 11:15:08 EST 2013

