This is pdfTeX, Version 3.1415926-2.5-1.40.14 (MiKTeX 2.9) (preloaded format=pdflatex 2014.9.23)  24 SEP 2014 07:53
entering extended mode
**C:/Users/dkrutz/Dropbox/confpapers/AndroidData/AndroidData.tex
(C:/Users/dkrutz/Dropbox/confpapers/AndroidData/AndroidData.tex
LaTeX2e <2011/06/27>
Babel <v3.8m> and hyphenation patterns for english, afrikaans, ancientgreek, ar
abic, armenian, assamese, basque, bengali, bokmal, bulgarian, catalan, coptic, 
croatian, czech, danish, dutch, esperanto, estonian, farsi, finnish, french, ga
lician, german, german-x-2013-05-26, greek, gujarati, hindi, hungarian, iceland
ic, indonesian, interlingua, irish, italian, kannada, kurmanji, latin, latvian,
 lithuanian, malayalam, marathi, mongolian, mongolianlmc, monogreek, ngerman, n
german-x-2013-05-26, nynorsk, oriya, panjabi, pinyin, polish, portuguese, roman
ian, russian, sanskrit, serbian, slovak, slovenian, spanish, swedish, swissgerm
an, tamil, telugu, turkish, turkmen, ukenglish, ukrainian, uppersorbian, usengl
ishmax, welsh, loaded.
(C:\Users\dkrutz\Dropbox\confpapers\AndroidData\IEEEtran.cls
Document Class: IEEEtran 2012/12/27 V1.8 by Michael Shell
-- See the "IEEEtran_HOWTO" manual for usage information.
-- http://www.michaelshell.org/tex/ieeetran/
\@IEEEtrantmpdimenA=\dimen102
\@IEEEtrantmpdimenB=\dimen103
\@IEEEtrantmpcountA=\count79
\@IEEEtrantmpcountB=\count80
\@IEEEtrantmptoksA=\toks14
LaTeX Font Info:    Try loading font information for OT1+ptm on input line 368.

("C:\Program Files (x86)\MiKTeX 2.9A\tex\latex\psnfss\ot1ptm.fd"
File: ot1ptm.fd 2001/06/04 font definitions for OT1/ptm.
)
-- Using 8.5in x 11in (letter) paper.
-- Using PDF output.
\@IEEEnormalsizeunitybaselineskip=\dimen104
-- This is a 10 point document.
\CLASSINFOnormalsizebaselineskip=\dimen105
\CLASSINFOnormalsizeunitybaselineskip=\dimen106
\IEEEnormaljot=\dimen107
LaTeX Font Info:    Font shape `OT1/ptm/bx/n' in size <5> not available
(Font)              Font shape `OT1/ptm/b/n' tried instead on input line 726.
LaTeX Font Info:    Font shape `OT1/ptm/bx/it' in size <5> not available
(Font)              Font shape `OT1/ptm/b/it' tried instead on input line 726.
LaTeX Font Info:    Font shape `OT1/ptm/bx/n' in size <7> not available
(Font)              Font shape `OT1/ptm/b/n' tried instead on input line 726.
LaTeX Font Info:    Font shape `OT1/ptm/bx/it' in size <7> not available
(Font)              Font shape `OT1/ptm/b/it' tried instead on input line 726.
LaTeX Font Info:    Font shape `OT1/ptm/bx/n' in size <8> not available
(Font)              Font shape `OT1/ptm/b/n' tried instead on input line 726.
LaTeX Font Info:    Font shape `OT1/ptm/bx/it' in size <8> not available
(Font)              Font shape `OT1/ptm/b/it' tried instead on input line 726.
LaTeX Font Info:    Font shape `OT1/ptm/bx/n' in size <9> not available
(Font)              Font shape `OT1/ptm/b/n' tried instead on input line 726.
LaTeX Font Info:    Font shape `OT1/ptm/bx/it' in size <9> not available
(Font)              Font shape `OT1/ptm/b/it' tried instead on input line 726.
LaTeX Font Info:    Font shape `OT1/ptm/bx/n' in size <10> not available
(Font)              Font shape `OT1/ptm/b/n' tried instead on input line 726.
LaTeX Font Info:    Font shape `OT1/ptm/bx/it' in size <10> not available
(Font)              Font shape `OT1/ptm/b/it' tried instead on input line 726.
LaTeX Font Info:    Font shape `OT1/ptm/bx/n' in size <11> not available
(Font)              Font shape `OT1/ptm/b/n' tried instead on input line 726.
LaTeX Font Info:    Font shape `OT1/ptm/bx/it' in size <11> not available
(Font)              Font shape `OT1/ptm/b/it' tried instead on input line 726.
LaTeX Font Info:    Font shape `OT1/ptm/bx/n' in size <12> not available
(Font)              Font shape `OT1/ptm/b/n' tried instead on input line 726.
LaTeX Font Info:    Font shape `OT1/ptm/bx/it' in size <12> not available
(Font)              Font shape `OT1/ptm/b/it' tried instead on input line 726.
LaTeX Font Info:    Font shape `OT1/ptm/bx/n' in size <17> not available
(Font)              Font shape `OT1/ptm/b/n' tried instead on input line 726.
LaTeX Font Info:    Font shape `OT1/ptm/bx/it' in size <17> not available
(Font)              Font shape `OT1/ptm/b/it' tried instead on input line 726.
LaTeX Font Info:    Font shape `OT1/ptm/bx/n' in size <20> not available
(Font)              Font shape `OT1/ptm/b/n' tried instead on input line 726.
LaTeX Font Info:    Font shape `OT1/ptm/bx/it' in size <20> not available
(Font)              Font shape `OT1/ptm/b/it' tried instead on input line 726.
LaTeX Font Info:    Font shape `OT1/ptm/bx/n' in size <24> not available
(Font)              Font shape `OT1/ptm/b/n' tried instead on input line 726.
LaTeX Font Info:    Font shape `OT1/ptm/bx/it' in size <24> not available
(Font)              Font shape `OT1/ptm/b/it' tried instead on input line 726.
\IEEEilabelindentA=\dimen108
\IEEEilabelindentB=\dimen109
\IEEEilabelindent=\dimen110
\IEEEelabelindent=\dimen111
\IEEEdlabelindent=\dimen112
\IEEElabelindent=\dimen113
\IEEEiednormlabelsep=\dimen114
\IEEEiedmathlabelsep=\dimen115
\IEEEiedtopsep=\skip41
\c@section=\count81
\c@subsection=\count82
\c@subsubsection=\count83
\c@paragraph=\count84
\c@IEEEsubequation=\count85
\abovecaptionskip=\skip42
\belowcaptionskip=\skip43
\c@figure=\count86
\c@table=\count87
\@IEEEeqnnumcols=\count88
\@IEEEeqncolcnt=\count89
\@IEEEsubeqnnumrollback=\count90
\@IEEEtmpitemindent=\dimen116
\c@IEEEbiography=\count91
\@IEEEtranrubishbin=\box26
) ("C:\Program Files (x86)\MiKTeX 2.9A\tex\latex\cite\cite.sty"
LaTeX Info: Redefining \cite on input line 302.
LaTeX Info: Redefining \nocite on input line 373.
Package: cite 2010/09/10  v 5.3
)
("C:\Program Files (x86)\MiKTeX 2.9A\tex\latex\graphics\color.sty"
Package: color 2005/11/14 v1.0j Standard LaTeX Color (DPC)

("C:\Program Files (x86)\MiKTeX 2.9A\tex\latex\00miktex\color.cfg"
File: color.cfg 2007/01/18 v1.5 color configuration of teTeX/TeXLive
)
Package color Info: Driver file: pdftex.def on input line 130.

("C:\Program Files (x86)\MiKTeX 2.9A\tex\latex\pdftex-def\pdftex.def"
File: pdftex.def 2011/05/27 v0.06d Graphics/color for pdfTeX

("C:\Program Files (x86)\MiKTeX 2.9A\tex\generic\oberdiek\infwarerr.sty"
Package: infwarerr 2010/04/08 v1.3 Providing info/warning/error messages (HO)
)
("C:\Program Files (x86)\MiKTeX 2.9A\tex\generic\oberdiek\ltxcmds.sty"
Package: ltxcmds 2011/11/09 v1.22 LaTeX kernel commands for general use (HO)
)
\Gread@gobject=\count92
))
("C:\Program Files (x86)\MiKTeX 2.9A\tex\latex\psnfss\courier.sty"
Package: courier 2005/04/12 PSNFSS-v9.2a (WaS) 
)
(C:\Users\dkrutz\AppData\Roaming\MiKTeX\2.9\tex\latex\pgf\frontendlayer\tikz.st
y (C:\Users\dkrutz\AppData\Roaming\MiKTeX\2.9\tex\latex\pgf\basiclayer\pgf.sty
(C:\Users\dkrutz\AppData\Roaming\MiKTeX\2.9\tex\latex\pgf\utilities\pgfrcs.sty
(C:\Users\dkrutz\AppData\Roaming\MiKTeX\2.9\tex\generic\pgf\utilities\pgfutil-c
ommon.tex
\pgfutil@everybye=\toks15
)
(C:\Users\dkrutz\AppData\Roaming\MiKTeX\2.9\tex\generic\pgf\utilities\pgfutil-l
atex.def
\pgfutil@abb=\box27
 (C:\Users\dkrutz\AppData\Roaming\MiKTeX\2.9\tex\latex\ms\everyshi.sty
Package: everyshi 2001/05/15 v3.00 EveryShipout Package (MS)
))
(C:\Users\dkrutz\AppData\Roaming\MiKTeX\2.9\tex\generic\pgf\utilities\pgfrcs.co
de.tex
Package: pgfrcs 2010/10/25 v2.10 (rcs-revision 1.24)
))
Package: pgf 2008/01/15 v2.10 (rcs-revision 1.12)

(C:\Users\dkrutz\AppData\Roaming\MiKTeX\2.9\tex\latex\pgf\basiclayer\pgfcore.st
y ("C:\Program Files (x86)\MiKTeX 2.9A\tex\latex\graphics\graphicx.sty"
Package: graphicx 1999/02/16 v1.0f Enhanced LaTeX Graphics (DPC,SPQR)

("C:\Program Files (x86)\MiKTeX 2.9A\tex\latex\graphics\keyval.sty"
Package: keyval 1999/03/16 v1.13 key=value parser (DPC)
\KV@toks@=\toks16
)
("C:\Program Files (x86)\MiKTeX 2.9A\tex\latex\graphics\graphics.sty"
Package: graphics 2009/02/05 v1.0o Standard LaTeX Graphics (DPC,SPQR)

("C:\Program Files (x86)\MiKTeX 2.9A\tex\latex\graphics\trig.sty"
Package: trig 1999/03/16 v1.09 sin cos tan (DPC)
)
("C:\Program Files (x86)\MiKTeX 2.9A\tex\latex\00miktex\graphics.cfg"
File: graphics.cfg 2007/01/18 v1.5 graphics configuration of teTeX/TeXLive
)
Package graphics Info: Driver file: pdftex.def on input line 91.
)
\Gin@req@height=\dimen117
\Gin@req@width=\dimen118
)
(C:\Users\dkrutz\AppData\Roaming\MiKTeX\2.9\tex\latex\pgf\systemlayer\pgfsys.st
y
(C:\Users\dkrutz\AppData\Roaming\MiKTeX\2.9\tex\generic\pgf\systemlayer\pgfsys.
code.tex
Package: pgfsys 2010/06/30 v2.10 (rcs-revision 1.37)

(C:\Users\dkrutz\AppData\Roaming\MiKTeX\2.9\tex\generic\pgf\utilities\pgfkeys.c
ode.tex
\pgfkeys@pathtoks=\toks17
\pgfkeys@temptoks=\toks18

(C:\Users\dkrutz\AppData\Roaming\MiKTeX\2.9\tex\generic\pgf\utilities\pgfkeysfi
ltered.code.tex
\pgfkeys@tmptoks=\toks19
))
\pgf@x=\dimen119
\pgf@y=\dimen120
\pgf@xa=\dimen121
\pgf@ya=\dimen122
\pgf@xb=\dimen123
\pgf@yb=\dimen124
\pgf@xc=\dimen125
\pgf@yc=\dimen126
\w@pgf@writea=\write3
\r@pgf@reada=\read1
\c@pgf@counta=\count93
\c@pgf@countb=\count94
\c@pgf@countc=\count95
\c@pgf@countd=\count96

(C:\Users\dkrutz\AppData\Roaming\MiKTeX\2.9\tex\generic\pgf\systemlayer\pgf.cfg
File: pgf.cfg 2008/05/14  (rcs-revision 1.7)
)
Package pgfsys Info: Driver file for pgf: pgfsys-pdftex.def on input line 900.

(C:\Users\dkrutz\AppData\Roaming\MiKTeX\2.9\tex\generic\pgf\systemlayer\pgfsys-
pdftex.def
File: pgfsys-pdftex.def 2009/05/22  (rcs-revision 1.26)

(C:\Users\dkrutz\AppData\Roaming\MiKTeX\2.9\tex\generic\pgf\systemlayer\pgfsys-
common-pdf.def
File: pgfsys-common-pdf.def 2008/05/19  (rcs-revision 1.10)
)))
(C:\Users\dkrutz\AppData\Roaming\MiKTeX\2.9\tex\generic\pgf\systemlayer\pgfsyss
oftpath.code.tex
File: pgfsyssoftpath.code.tex 2008/07/18  (rcs-revision 1.7)
\pgfsyssoftpath@smallbuffer@items=\count97
\pgfsyssoftpath@bigbuffer@items=\count98
)
(C:\Users\dkrutz\AppData\Roaming\MiKTeX\2.9\tex\generic\pgf\systemlayer\pgfsysp
rotocol.code.tex
File: pgfsysprotocol.code.tex 2006/10/16  (rcs-revision 1.4)
))
("C:\Program Files (x86)\MiKTeX 2.9A\tex\latex\xcolor\xcolor.sty"
Package: xcolor 2007/01/21 v2.11 LaTeX color extensions (UK)

("C:\Program Files (x86)\MiKTeX 2.9A\tex\latex\00miktex\color.cfg"
File: color.cfg 2007/01/18 v1.5 color configuration of teTeX/TeXLive
)
Package xcolor Info: Driver file: pdftex.def on input line 225.
LaTeX Info: Redefining \color on input line 702.
Package xcolor Info: Model `cmy' substituted by `cmy0' on input line 1337.
Package xcolor Info: Model `hsb' substituted by `rgb' on input line 1341.
Package xcolor Info: Model `RGB' extended on input line 1353.
Package xcolor Info: Model `HTML' substituted by `rgb' on input line 1355.
Package xcolor Info: Model `Hsb' substituted by `hsb' on input line 1356.
Package xcolor Info: Model `tHsb' substituted by `hsb' on input line 1357.
Package xcolor Info: Model `HSB' substituted by `hsb' on input line 1358.
Package xcolor Info: Model `Gray' substituted by `gray' on input line 1359.
Package xcolor Info: Model `wave' substituted by `hsb' on input line 1360.
)
(C:\Users\dkrutz\AppData\Roaming\MiKTeX\2.9\tex\generic\pgf\basiclayer\pgfcore.
code.tex
Package: pgfcore 2010/04/11 v2.10 (rcs-revision 1.7)

(C:\Users\dkrutz\AppData\Roaming\MiKTeX\2.9\tex\generic\pgf\math\pgfmath.code.t
ex
(C:\Users\dkrutz\AppData\Roaming\MiKTeX\2.9\tex\generic\pgf\math\pgfmathcalc.co
de.tex
(C:\Users\dkrutz\AppData\Roaming\MiKTeX\2.9\tex\generic\pgf\math\pgfmathutil.co
de.tex)
(C:\Users\dkrutz\AppData\Roaming\MiKTeX\2.9\tex\generic\pgf\math\pgfmathparser.
code.tex
\pgfmath@dimen=\dimen127
\pgfmath@count=\count99
\pgfmath@box=\box28
\pgfmath@toks=\toks20
\pgfmath@stack@operand=\toks21
\pgfmath@stack@operation=\toks22
)
(C:\Users\dkrutz\AppData\Roaming\MiKTeX\2.9\tex\generic\pgf\math\pgfmathfunctio
ns.code.tex
(C:\Users\dkrutz\AppData\Roaming\MiKTeX\2.9\tex\generic\pgf\math\pgfmathfunctio
ns.basic.code.tex)
(C:\Users\dkrutz\AppData\Roaming\MiKTeX\2.9\tex\generic\pgf\math\pgfmathfunctio
ns.trigonometric.code.tex)
(C:\Users\dkrutz\AppData\Roaming\MiKTeX\2.9\tex\generic\pgf\math\pgfmathfunctio
ns.random.code.tex)
(C:\Users\dkrutz\AppData\Roaming\MiKTeX\2.9\tex\generic\pgf\math\pgfmathfunctio
ns.comparison.code.tex)
(C:\Users\dkrutz\AppData\Roaming\MiKTeX\2.9\tex\generic\pgf\math\pgfmathfunctio
ns.base.code.tex)
(C:\Users\dkrutz\AppData\Roaming\MiKTeX\2.9\tex\generic\pgf\math\pgfmathfunctio
ns.round.code.tex)
(C:\Users\dkrutz\AppData\Roaming\MiKTeX\2.9\tex\generic\pgf\math\pgfmathfunctio
ns.misc.code.tex)))
(C:\Users\dkrutz\AppData\Roaming\MiKTeX\2.9\tex\generic\pgf\math\pgfmathfloat.c
ode.tex
\c@pgfmathroundto@lastzeros=\count100
))
(C:\Users\dkrutz\AppData\Roaming\MiKTeX\2.9\tex\generic\pgf\basiclayer\pgfcorep
oints.code.tex
File: pgfcorepoints.code.tex 2010/04/09  (rcs-revision 1.20)
\pgf@picminx=\dimen128
\pgf@picmaxx=\dimen129
\pgf@picminy=\dimen130
\pgf@picmaxy=\dimen131
\pgf@pathminx=\dimen132
\pgf@pathmaxx=\dimen133
\pgf@pathminy=\dimen134
\pgf@pathmaxy=\dimen135
\pgf@xx=\dimen136
\pgf@xy=\dimen137
\pgf@yx=\dimen138
\pgf@yy=\dimen139
\pgf@zx=\dimen140
\pgf@zy=\dimen141
)
(C:\Users\dkrutz\AppData\Roaming\MiKTeX\2.9\tex\generic\pgf\basiclayer\pgfcorep
athconstruct.code.tex
File: pgfcorepathconstruct.code.tex 2010/08/03  (rcs-revision 1.24)
\pgf@path@lastx=\dimen142
\pgf@path@lasty=\dimen143
)
(C:\Users\dkrutz\AppData\Roaming\MiKTeX\2.9\tex\generic\pgf\basiclayer\pgfcorep
athusage.code.tex
File: pgfcorepathusage.code.tex 2008/04/22  (rcs-revision 1.12)
\pgf@shorten@end@additional=\dimen144
\pgf@shorten@start@additional=\dimen145
)
(C:\Users\dkrutz\AppData\Roaming\MiKTeX\2.9\tex\generic\pgf\basiclayer\pgfcores
copes.code.tex
File: pgfcorescopes.code.tex 2010/09/08  (rcs-revision 1.34)
\pgfpic=\box29
\pgf@hbox=\box30
\pgf@layerbox@main=\box31
\pgf@picture@serial@count=\count101
)
(C:\Users\dkrutz\AppData\Roaming\MiKTeX\2.9\tex\generic\pgf\basiclayer\pgfcoreg
raphicstate.code.tex
File: pgfcoregraphicstate.code.tex 2008/04/22  (rcs-revision 1.9)
\pgflinewidth=\dimen146
)
(C:\Users\dkrutz\AppData\Roaming\MiKTeX\2.9\tex\generic\pgf\basiclayer\pgfcoret
ransformations.code.tex
File: pgfcoretransformations.code.tex 2009/06/10  (rcs-revision 1.11)
\pgf@pt@x=\dimen147
\pgf@pt@y=\dimen148
\pgf@pt@temp=\dimen149
)
(C:\Users\dkrutz\AppData\Roaming\MiKTeX\2.9\tex\generic\pgf\basiclayer\pgfcoreq
uick.code.tex
File: pgfcorequick.code.tex 2008/10/09  (rcs-revision 1.3)
)
(C:\Users\dkrutz\AppData\Roaming\MiKTeX\2.9\tex\generic\pgf\basiclayer\pgfcoreo
bjects.code.tex
File: pgfcoreobjects.code.tex 2006/10/11  (rcs-revision 1.2)
)
(C:\Users\dkrutz\AppData\Roaming\MiKTeX\2.9\tex\generic\pgf\basiclayer\pgfcorep
athprocessing.code.tex
File: pgfcorepathprocessing.code.tex 2008/10/09  (rcs-revision 1.8)
)
(C:\Users\dkrutz\AppData\Roaming\MiKTeX\2.9\tex\generic\pgf\basiclayer\pgfcorea
rrows.code.tex
File: pgfcorearrows.code.tex 2008/04/23  (rcs-revision 1.11)
)
(C:\Users\dkrutz\AppData\Roaming\MiKTeX\2.9\tex\generic\pgf\basiclayer\pgfcores
hade.code.tex
File: pgfcoreshade.code.tex 2008/11/23  (rcs-revision 1.13)
\pgf@max=\dimen150
\pgf@sys@shading@range@num=\count102
)
(C:\Users\dkrutz\AppData\Roaming\MiKTeX\2.9\tex\generic\pgf\basiclayer\pgfcorei
mage.code.tex
File: pgfcoreimage.code.tex 2010/03/25  (rcs-revision 1.16)

(C:\Users\dkrutz\AppData\Roaming\MiKTeX\2.9\tex\generic\pgf\basiclayer\pgfcoree
xternal.code.tex
File: pgfcoreexternal.code.tex 2010/09/01  (rcs-revision 1.17)
\pgfexternal@startupbox=\box32
))
(C:\Users\dkrutz\AppData\Roaming\MiKTeX\2.9\tex\generic\pgf\basiclayer\pgfcorel
ayers.code.tex
File: pgfcorelayers.code.tex 2010/08/27  (rcs-revision 1.2)
)
(C:\Users\dkrutz\AppData\Roaming\MiKTeX\2.9\tex\generic\pgf\basiclayer\pgfcoret
ransparency.code.tex
File: pgfcoretransparency.code.tex 2008/01/17  (rcs-revision 1.2)
)
(C:\Users\dkrutz\AppData\Roaming\MiKTeX\2.9\tex\generic\pgf\basiclayer\pgfcorep
atterns.code.tex
File: pgfcorepatterns.code.tex 2009/07/02  (rcs-revision 1.3)
)))
(C:\Users\dkrutz\AppData\Roaming\MiKTeX\2.9\tex\generic\pgf\modules\pgfmodulesh
apes.code.tex
File: pgfmoduleshapes.code.tex 2010/09/09  (rcs-revision 1.13)
\pgfnodeparttextbox=\box33
)
(C:\Users\dkrutz\AppData\Roaming\MiKTeX\2.9\tex\generic\pgf\modules\pgfmodulepl
ot.code.tex
File: pgfmoduleplot.code.tex 2010/10/22  (rcs-revision 1.8)
)
(C:\Users\dkrutz\AppData\Roaming\MiKTeX\2.9\tex\latex\pgf\compatibility\pgfcomp
-version-0-65.sty
Package: pgfcomp-version-0-65 2007/07/03 v2.10 (rcs-revision 1.7)
\pgf@nodesepstart=\dimen151
\pgf@nodesepend=\dimen152
)
(C:\Users\dkrutz\AppData\Roaming\MiKTeX\2.9\tex\latex\pgf\compatibility\pgfcomp
-version-1-18.sty
Package: pgfcomp-version-1-18 2007/07/23 v2.10 (rcs-revision 1.1)
))
(C:\Users\dkrutz\AppData\Roaming\MiKTeX\2.9\tex\latex\pgf\utilities\pgffor.sty
(C:\Users\dkrutz\AppData\Roaming\MiKTeX\2.9\tex\latex\pgf\utilities\pgfkeys.sty

(C:\Users\dkrutz\AppData\Roaming\MiKTeX\2.9\tex\generic\pgf\utilities\pgfkeys.c
ode.tex))
(C:\Users\dkrutz\AppData\Roaming\MiKTeX\2.9\tex\generic\pgf\utilities\pgffor.co
de.tex
Package: pgffor 2010/03/23 v2.10 (rcs-revision 1.18)
\pgffor@iter=\dimen153
\pgffor@skip=\dimen154
\pgffor@stack=\toks23
\pgffor@toks=\toks24
))
(C:\Users\dkrutz\AppData\Roaming\MiKTeX\2.9\tex\generic\pgf\frontendlayer\tikz\
tikz.code.tex
Package: tikz 2010/10/13 v2.10 (rcs-revision 1.76)

(C:\Users\dkrutz\AppData\Roaming\MiKTeX\2.9\tex\generic\pgf\libraries\pgflibrar
yplothandlers.code.tex
File: pgflibraryplothandlers.code.tex 2010/05/31 v2.10 (rcs-revision 1.15)
\pgf@plot@mark@count=\count103
\pgfplotmarksize=\dimen155
)
\tikz@lastx=\dimen156
\tikz@lasty=\dimen157
\tikz@lastxsaved=\dimen158
\tikz@lastysaved=\dimen159
\tikzleveldistance=\dimen160
\tikzsiblingdistance=\dimen161
\tikz@figbox=\box34
\tikz@tempbox=\box35
\tikztreelevel=\count104
\tikznumberofchildren=\count105
\tikznumberofcurrentchild=\count106
\tikz@fig@count=\count107

(C:\Users\dkrutz\AppData\Roaming\MiKTeX\2.9\tex\generic\pgf\modules\pgfmodulema
trix.code.tex
File: pgfmodulematrix.code.tex 2010/08/24  (rcs-revision 1.4)
\pgfmatrixcurrentrow=\count108
\pgfmatrixcurrentcolumn=\count109
\pgf@matrix@numberofcolumns=\count110
)
\tikz@expandcount=\count111

(C:\Users\dkrutz\AppData\Roaming\MiKTeX\2.9\tex\generic\pgf\frontendlayer\tikz\
libraries\tikzlibrarytopaths.code.tex
File: tikzlibrarytopaths.code.tex 2008/06/17 v2.10 (rcs-revision 1.2)
)))
(C:\Users\dkrutz\AppData\Roaming\MiKTeX\2.9\tex\latex\preprint\balance.sty
Package: balance 1999/02/23 4.3 (PWD)
\oldvsize=\dimen162
)
(C:\Users\dkrutz\AppData\Roaming\MiKTeX\2.9\tex\latex\pgfplots\pgfplots.sty
(C:\Users\dkrutz\AppData\Roaming\MiKTeX\2.9\tex\generic\pgfplots\pgfplots.revis
ion.tex)
Package: pgfplots 2013/03/17 v1.8 Data Visualization (1.8-3-gaf58a29)

(C:\Users\dkrutz\AppData\Roaming\MiKTeX\2.9\tex\generic\pgfplots\pgfplots.code.
tex
(C:\Users\dkrutz\AppData\Roaming\MiKTeX\2.9\tex\generic\pgfplots\pgfplotscore.c
ode.tex
\t@pgfplots@toka=\toks25
\t@pgfplots@tokb=\toks26
\t@pgfplots@tokc=\toks27
\pgfplots@tmpa=\dimen163
\c@pgfplots@coordindex=\count112
\c@pgfplots@scanlineindex=\count113

(C:\Users\dkrutz\AppData\Roaming\MiKTeX\2.9\tex\generic\pgfplots\sys\pgfplotssy
sgeneric.code.tex))
(C:\Users\dkrutz\AppData\Roaming\MiKTeX\2.9\tex\generic\pgfplots\libs\pgfplotsl
ibrary.code.tex)
(C:\Users\dkrutz\AppData\Roaming\MiKTeX\2.9\tex\generic\pgfplots\oldpgfcompatib
\pgfplotsoldpgfsupp_loader.code.tex
Package pgfplots: loading complementary code for your PGF version...

(C:\Users\dkrutz\AppData\Roaming\MiKTeX\2.9\tex\generic\pgfplots\oldpgfcompatib
\pgfplotsoldpgfsupp_misc.code.tex)
(C:\Users\dkrutz\AppData\Roaming\MiKTeX\2.9\tex\generic\pgfplots\oldpgfcompatib
\pgfplotsoldpgfsupp_pgfkeys.code.tex
\pgfkeys@pathtoks=\toks28
\pgfkeys@temptoks=\toks29

(C:\Users\dkrutz\AppData\Roaming\MiKTeX\2.9\tex\generic\pgfplots\oldpgfcompatib
\pgfplotsoldpgfsupp_pgfkeysfiltered.code.tex
\pgfkeys@tmptoks=\toks30
))
(C:\Users\dkrutz\AppData\Roaming\MiKTeX\2.9\tex\generic\pgfplots\oldpgfcompatib
\pgfplotsoldpgfsupp_pgfmathfloat.code.tex
\c@pgfmathroundto@lastzeros=\count114
)
(C:\Users\dkrutz\AppData\Roaming\MiKTeX\2.9\tex\generic\pgfplots\oldpgfcompatib
\pgfplotsoldpgfsupp_pgflibraryplothandlers.code.tex
File: pgflibraryplothandlers.code.tex 2012/09/11 v2.10 (rcs-revision 1.17)
\pgf@plot@mark@count=\count115
\pgfplotmarksize=\dimen164
)
(C:\Users\dkrutz\AppData\Roaming\MiKTeX\2.9\tex\generic\pgfplots\oldpgfcompatib
\pgfplotsoldpgfsupp_pgflibraryfpu.code.tex)
(C:\Users\dkrutz\AppData\Roaming\MiKTeX\2.9\tex\generic\pgfplots\oldpgfcompatib
\pgfplotsoldpgfsupp_pgfcorescopes.code.tex
File: pgfcorescopes.code.tex 2012/11/30  (rcs-revision 1.38)
\pgfpic=\box36
\pgf@hbox=\box37
\pgf@layerbox@main=\box38
\pgf@picture@serial@count=\count116
)
(C:\Users\dkrutz\AppData\Roaming\MiKTeX\2.9\tex\generic\pgfplots\oldpgfcompatib
\pgfplotsoldpgfsupp_pgfcorelayers.code.tex
File: pgfcorelayers.code.tex 2012/11/07  (rcs-revision 1.5)
))
(C:\Users\dkrutz\AppData\Roaming\MiKTeX\2.9\tex\generic\pgfplots\util\pgfplotsu
til.code.tex
(C:\Users\dkrutz\AppData\Roaming\MiKTeX\2.9\tex\generic\pgfplots\liststructure\
pgfplotsliststructure.code.tex)
(C:\Users\dkrutz\AppData\Roaming\MiKTeX\2.9\tex\generic\pgfplots\liststructure\
pgfplotsliststructureext.code.tex)
(C:\Users\dkrutz\AppData\Roaming\MiKTeX\2.9\tex\generic\pgfplots\liststructure\
pgfplotsarray.code.tex
\c@pgfplotsarray@tmp=\count117
)
(C:\Users\dkrutz\AppData\Roaming\MiKTeX\2.9\tex\generic\pgfplots\liststructure\
pgfplotsmatrix.code.tex)
(C:\Users\dkrutz\AppData\Roaming\MiKTeX\2.9\tex\generic\pgfplots\numtable\pgfpl
otstableshared.code.tex
\c@pgfplotstable@counta=\count118
\t@pgfplotstable@a=\toks31
)
(C:\Users\dkrutz\AppData\Roaming\MiKTeX\2.9\tex\generic\pgfplots\liststructure\
pgfplotsdeque.code.tex)
(C:\Users\dkrutz\AppData\Roaming\MiKTeX\2.9\tex\generic\pgfplots\util\pgfplotsb
inary.code.tex
(C:\Users\dkrutz\AppData\Roaming\MiKTeX\2.9\tex\generic\pgfplots\util\pgfplotsb
inary.data.code.tex))
(C:\Users\dkrutz\AppData\Roaming\MiKTeX\2.9\tex\generic\pgfplots\util\pgfplotsu
til.verb.code.tex)
(C:\Users\dkrutz\AppData\Roaming\MiKTeX\2.9\tex\generic\pgfplots\libs\pgflibrar
ypgfplots.surfshading.code.tex
\c@pgfplotslibrarysurf@no=\count119

(C:\Users\dkrutz\AppData\Roaming\MiKTeX\2.9\tex\generic\pgfplots\sys\pgflibrary
pgfplots.surfshading.pgfsys-pdftex.def)))
(C:\Users\dkrutz\AppData\Roaming\MiKTeX\2.9\tex\generic\pgfplots\util\pgfplotsc
olormap.code.tex
(C:\Users\dkrutz\AppData\Roaming\MiKTeX\2.9\tex\generic\pgfplots\util\pgfplotsc
olor.code.tex))
(C:\Users\dkrutz\AppData\Roaming\MiKTeX\2.9\tex\generic\pgfplots\pgfplotsstacke
dplots.code.tex)
(C:\Users\dkrutz\AppData\Roaming\MiKTeX\2.9\tex\generic\pgfplots\pgfplotsplotha
ndlers.code.tex
(C:\Users\dkrutz\AppData\Roaming\MiKTeX\2.9\tex\generic\pgfplots\pgfplotsmeshpl
othandler.code.tex))
(C:\Users\dkrutz\AppData\Roaming\MiKTeX\2.9\tex\generic\pgfplots\pgfplots.scali
ng.code.tex)
(C:\Users\dkrutz\AppData\Roaming\MiKTeX\2.9\tex\generic\pgfplots\pgfplotscoordp
rocessing.code.tex)
(C:\Users\dkrutz\AppData\Roaming\MiKTeX\2.9\tex\generic\pgfplots\pgfplotsticks.
code.tex)
(C:\Users\dkrutz\AppData\Roaming\MiKTeX\2.9\tex\generic\pgfplots\pgfplots.paths
.code.tex)
(C:\Users\dkrutz\AppData\Roaming\MiKTeX\2.9\tex\generic\pgf\frontendlayer\tikz\
libraries\tikzlibrarydecorations.code.tex
(C:\Users\dkrutz\AppData\Roaming\MiKTeX\2.9\tex\generic\pgf\modules\pgfmodulede
corations.code.tex
\pgfdecoratedcompleteddistance=\dimen165
\pgfdecoratedremainingdistance=\dimen166
\pgfdecoratedinputsegmentcompleteddistance=\dimen167
\pgfdecoratedinputsegmentremainingdistance=\dimen168
\pgf@decorate@distancetomove=\dimen169
\pgf@decorate@repeatstate=\count120
\pgfdecorationsegmentamplitude=\dimen170
\pgfdecorationsegmentlength=\dimen171
)
\tikz@lib@dec@box=\box39
)
(C:\Users\dkrutz\AppData\Roaming\MiKTeX\2.9\tex\generic\pgf\frontendlayer\tikz\
libraries\tikzlibrarydecorations.pathmorphing.code.tex
(C:\Users\dkrutz\AppData\Roaming\MiKTeX\2.9\tex\generic\pgf\libraries\decoratio
ns\pgflibrarydecorations.pathmorphing.code.tex))
(C:\Users\dkrutz\AppData\Roaming\MiKTeX\2.9\tex\generic\pgf\frontendlayer\tikz\
libraries\tikzlibrarydecorations.pathreplacing.code.tex
(C:\Users\dkrutz\AppData\Roaming\MiKTeX\2.9\tex\generic\pgf\libraries\decoratio
ns\pgflibrarydecorations.pathreplacing.code.tex))
\pgfplots@numplots=\count121
\pgfplots@xmin@reg=\dimen172
\pgfplots@xmax@reg=\dimen173
\pgfplots@ymin@reg=\dimen174
\pgfplots@ymax@reg=\dimen175
\pgfplots@zmin@reg=\dimen176
\pgfplots@zmax@reg=\dimen177
)
(C:\Users\dkrutz\AppData\Roaming\MiKTeX\2.9\tex\generic\pgf\frontendlayer\tikz\
libraries\tikzlibraryplotmarks.code.tex
File: tikzlibraryplotmarks.code.tex 2008/01/09 v2.10 (rcs-revision 1.1)

(C:\Users\dkrutz\AppData\Roaming\MiKTeX\2.9\tex\generic\pgf\libraries\pgflibrar
yplotmarks.code.tex
File: pgflibraryplotmarks.code.tex 2010/10/15 v2.10 (rcs-revision 1.12)
)))
(C:\Users\dkrutz\AppData\Roaming\MiKTeX\2.9\tex\latex\listings\listings.sty
\lst@mode=\count122
\lst@gtempboxa=\box40
\lst@token=\toks32
\lst@length=\count123
\lst@currlwidth=\dimen178
\lst@column=\count124
\lst@pos=\count125
\lst@lostspace=\dimen179
\lst@width=\dimen180
\lst@newlines=\count126
\lst@lineno=\count127
\lst@maxwidth=\dimen181

(C:\Users\dkrutz\AppData\Roaming\MiKTeX\2.9\tex\latex\listings\lstmisc.sty
File: lstmisc.sty 2013/08/05 1.5a (Carsten Heinz)
\c@lstnumber=\count128
\lst@skipnumbers=\count129
\lst@framebox=\box41
)
(C:\Users\dkrutz\AppData\Roaming\MiKTeX\2.9\tex\latex\listings\listings.cfg
File: listings.cfg 2013/08/05 1.5a listings configuration
))
Package: listings 2013/08/05 1.5a (Carsten Heinz)

("C:\Program Files (x86)\MiKTeX 2.9A\tex\latex\psnfss\times.sty"
Package: times 2005/04/12 PSNFSS-v9.2a (SPQR) 
)
(C:\Users\dkrutz\AppData\Roaming\MiKTeX\2.9\tex\latex\booktabs\booktabs.sty
Package: booktabs 2005/04/14 v1.61803 publication quality tables
\heavyrulewidth=\dimen182
\lightrulewidth=\dimen183
\cmidrulewidth=\dimen184
\belowrulesep=\dimen185
\belowbottomsep=\dimen186
\aboverulesep=\dimen187
\abovetopsep=\dimen188
\cmidrulesep=\dimen189
\cmidrulekern=\dimen190
\defaultaddspace=\dimen191
\@cmidla=\count130
\@cmidlb=\count131
\@aboverulesep=\dimen192
\@belowrulesep=\dimen193
\@thisruleclass=\count132
\@lastruleclass=\count133
\@thisrulewidth=\dimen194
)
(C:\Users\dkrutz\AppData\Roaming\MiKTeX\2.9\tex\latex\fancybox\fancybox.sty
Package: fancybox 2010/05/15 1.4

Style option: `fancybox' v1.4 <2010/05/15> (tvz)
\@fancybox=\box42
\shadowsize=\dimen195
\@Sbox=\box43
\do@VerbBox=\toks33
\the@fancyput=\toks34
\this@fancyput=\toks35
\EndVerbatimTokens=\toks36
\Verbatim@Outfile=\write4
\Verbatim@Infile=\read2
) ("C:\Program Files (x86)\MiKTeX 2.9A\tex\latex\multirow\multirow.sty"
\bigstrutjot=\dimen196
)
("C:\Program Files (x86)\MiKTeX 2.9A\tex\latex\tools\array.sty"
Package: array 2008/09/09 v2.4c Tabular extension package (FMi)
\col@sep=\dimen197
\extrarowheight=\dimen198
\NC@list=\toks37
\extratabsurround=\skip44
\backup@length=\skip45
)
("C:\Program Files (x86)\MiKTeX 2.9A\tex\latex\tools\tabularx.sty"
Package: tabularx 1999/01/07 v2.07 `tabularx' package (DPC)
\TX@col@width=\dimen199
\TX@old@table=\dimen200
\TX@old@col=\dimen201
\TX@target=\dimen202
\TX@delta=\dimen203
\TX@cols=\count134
\TX@ftn=\toks38
)
("C:\Program Files (x86)\MiKTeX 2.9A\tex\latex\url\url.sty"
\Urlmuskip=\muskip10
Package: url 2013/09/16  ver 3.4  Verb mode for urls, etc.
)
("C:\Program Files (x86)\MiKTeX 2.9A\tex\latex\caption\caption.sty"
Package: caption 2013/05/02 v3.3-89 Customizing captions (AR)

("C:\Program Files (x86)\MiKTeX 2.9A\tex\latex\caption\caption3.sty"
Package: caption3 2013/05/02 v1.6-88 caption3 kernel (AR)
Package caption3 Info: TeX engine: e-TeX on input line 57.
\captionmargin=\dimen204
\captionmargin@=\dimen205
\captionwidth=\dimen206
\caption@tempdima=\dimen207
\caption@indent=\dimen208
\caption@parindent=\dimen209
\caption@hangindent=\dimen210
Package caption Info: Unknown document class (or package),
(caption)             standard defaults will be used.
)

Package caption Warning: Unsupported document class (or package) detected,
(caption)                usage of the caption package is not recommended.
See the caption package documentation for explanation.

Package caption Info: \@makecaption = \long macro:#1#2->\ifx \@captype \@IEEEta
blestring \footnotesize \bgroup \par \centering \@IEEEtabletopskipstrut {\norma
lfont \footnotesize #1}\\{\normalfont \footnotesize \scshape #2}\par \addvspace
 {0.5\baselineskip }\egroup \@IEEEtablecaptionsepspace \else \@IEEEfigurecaptio
nsepspace \setbox \@tempboxa \hbox {\normalfont \footnotesize {#1.}\nobreakspac
e \nobreakspace #2}\ifdim \wd \@tempboxa >\hsize \setbox \@tempboxa \hbox {\nor
malfont \footnotesize {#1.}\nobreakspace \nobreakspace }\parbox [t]{\hsize }{\n
ormalfont \footnotesize \noindent \unhbox \@tempboxa #2}\else \ifCLASSOPTIONcon
ference \hbox to\hsize {\normalfont \footnotesize \hfil \box \@tempboxa \hfil }
\else \hbox to\hsize {\normalfont \footnotesize \box \@tempboxa \hfil }\fi \fi 
\fi .
\c@ContinuedFloat=\count135
Package caption Info: listings package is loaded.
)
(C:\Users\dkrutz\AppData\Roaming\MiKTeX\2.9\tex\generic\pgf\frontendlayer\tikz\
libraries\tikzlibraryshapes.code.tex
File: tikzlibraryshapes.code.tex 2008/01/09 v2.10 (rcs-revision 1.1)

(C:\Users\dkrutz\AppData\Roaming\MiKTeX\2.9\tex\generic\pgf\frontendlayer\tikz\
libraries\tikzlibraryshapes.geometric.code.tex
File: tikzlibraryshapes.geometric.code.tex 2008/01/09 v2.10 (rcs-revision 1.1)

(C:\Users\dkrutz\AppData\Roaming\MiKTeX\2.9\tex\generic\pgf\libraries\shapes\pg
flibraryshapes.geometric.code.tex
File: pgflibraryshapes.geometric.code.tex 2008/06/26 v2.10 (rcs-revision 1.1)
))
(C:\Users\dkrutz\AppData\Roaming\MiKTeX\2.9\tex\generic\pgf\frontendlayer\tikz\
libraries\tikzlibraryshapes.misc.code.tex
File: tikzlibraryshapes.misc.code.tex 2008/01/09 v2.10 (rcs-revision 1.1)

(C:\Users\dkrutz\AppData\Roaming\MiKTeX\2.9\tex\generic\pgf\libraries\shapes\pg
flibraryshapes.misc.code.tex
File: pgflibraryshapes.misc.code.tex 2008/10/07 v2.10 (rcs-revision 1.3)
))
(C:\Users\dkrutz\AppData\Roaming\MiKTeX\2.9\tex\generic\pgf\frontendlayer\tikz\
libraries\tikzlibraryshapes.symbols.code.tex
File: tikzlibraryshapes.symbols.code.tex 2008/01/09 v2.10 (rcs-revision 1.1)

(C:\Users\dkrutz\AppData\Roaming\MiKTeX\2.9\tex\generic\pgf\libraries\shapes\pg
flibraryshapes.symbols.code.tex
File: pgflibraryshapes.symbols.code.tex 2009/10/27 v2.10 (rcs-revision 1.3)
))
(C:\Users\dkrutz\AppData\Roaming\MiKTeX\2.9\tex\generic\pgf\frontendlayer\tikz\
libraries\tikzlibraryshapes.arrows.code.tex
File: tikzlibraryshapes.arrows.code.tex 2008/01/09 v2.10 (rcs-revision 1.1)

(C:\Users\dkrutz\AppData\Roaming\MiKTeX\2.9\tex\generic\pgf\libraries\shapes\pg
flibraryshapes.arrows.code.tex
File: pgflibraryshapes.arrows.code.tex 2008/06/26 v2.10 (rcs-revision 1.1)
))
(C:\Users\dkrutz\AppData\Roaming\MiKTeX\2.9\tex\generic\pgf\frontendlayer\tikz\
libraries\tikzlibraryshapes.callouts.code.tex
(C:\Users\dkrutz\AppData\Roaming\MiKTeX\2.9\tex\generic\pgf\libraries\shapes\pg
flibraryshapes.callouts.code.tex))
(C:\Users\dkrutz\AppData\Roaming\MiKTeX\2.9\tex\generic\pgf\frontendlayer\tikz\
libraries\tikzlibraryshapes.multipart.code.tex
File: tikzlibraryshapes.multipart.code.tex 2008/01/09 v2.10 (rcs-revision 1.1)

(C:\Users\dkrutz\AppData\Roaming\MiKTeX\2.9\tex\generic\pgf\libraries\shapes\pg
flibraryshapes.multipart.code.tex
File: pgflibraryshapes.multipart.code.tex 2010/01/07 v2.10 (rcs-revision 1.2)
\pgfnodepartlowerbox=\box44
\pgfnodeparttwobox=\box45
\pgfnodepartthreebox=\box46
\pgfnodepartfourbox=\box47
\pgfnodeparttwentybox=\box48
\pgfnodepartnineteenbox=\box49
\pgfnodeparteighteenbox=\box50
\pgfnodepartseventeenbox=\box51
\pgfnodepartsixteenbox=\box52
\pgfnodepartfifteenbox=\box53
\pgfnodepartfourteenbox=\box54
\pgfnodepartthirteenbox=\box55
\pgfnodeparttwelvebox=\box56
\pgfnodepartelevenbox=\box57
\pgfnodeparttenbox=\box58
\pgfnodepartninebox=\box59
\pgfnodeparteightbox=\box60
\pgfnodepartsevenbox=\box61
\pgfnodepartsixbox=\box62
\pgfnodepartfivebox=\box63
)))
(C:\Users\dkrutz\AppData\Roaming\MiKTeX\2.9\tex\generic\pgf\frontendlayer\tikz\
libraries\tikzlibraryarrows.code.tex
File: tikzlibraryarrows.code.tex 2008/01/09 v2.10 (rcs-revision 1.1)

(C:\Users\dkrutz\AppData\Roaming\MiKTeX\2.9\tex\generic\pgf\libraries\pgflibrar
yarrows.code.tex
File: pgflibraryarrows.code.tex 2008/10/27 v2.10 (rcs-revision 1.9)
\arrowsize=\dimen211
))
(C:\Users\dkrutz\AppData\Roaming\MiKTeX\2.9\tex\generic\pgf\frontendlayer\tikz\
libraries\tikzlibrarypatterns.code.tex
File: tikzlibrarypatterns.code.tex 2008/01/15 v2.10 (rcs-revision 1.2)

(C:\Users\dkrutz\AppData\Roaming\MiKTeX\2.9\tex\generic\pgf\libraries\pgflibrar
ypatterns.code.tex
File: pgflibrarypatterns.code.tex 2008/03/03 v2.10 (rcs-revision 1.13)
))
(C:\Users\dkrutz\AppData\Roaming\MiKTeX\2.9\tex\latex\natbib\natbib.sty
Package: natbib 2010/09/13 8.31b (PWD, AO)


Package natbib Warning: The `cite' package should not be used
(natbib)                with natbib. Use option `sort' instead.

\bibhang=\skip46
\bibsep=\skip47
LaTeX Info: Redefining \cite on input line 694.
LaTeX Info: Redefining \citenum on input line 708.
\c@NAT@ctr=\count136
) (C:\Users\dkrutz\AppData\Roaming\MiKTeX\2.9\tex\latex\soul\soul.sty
Package: soul 2003/11/17 v2.4 letterspacing/underlining (mf)
\SOUL@word=\toks39
\SOUL@lasttoken=\toks40
\SOUL@cmds=\toks41
\SOUL@buffer=\toks42
\SOUL@token=\toks43
\SOUL@spaceskip=\skip48
\SOUL@ttwidth=\dimen212
\SOUL@uldp=\dimen213
\SOUL@ulht=\dimen214
)
(C:\Users\dkrutz\AppData\Roaming\MiKTeX\2.9\tex\generic\pgf\frontendlayer\tikz\
libraries\tikzlibrarypositioning.code.tex
File: tikzlibrarypositioning.code.tex 2008/10/06 v2.10 (rcs-revision 1.7)
)
(C:\Users\dkrutz\Dropbox\confpapers\AndroidData\AndroidData.aux)
LaTeX Font Info:    Checking defaults for OML/cmm/m/it on input line 81.
LaTeX Font Info:    ... okay on input line 81.
LaTeX Font Info:    Checking defaults for T1/cmr/m/n on input line 81.
LaTeX Font Info:    ... okay on input line 81.
LaTeX Font Info:    Checking defaults for OT1/cmr/m/n on input line 81.
LaTeX Font Info:    ... okay on input line 81.
LaTeX Font Info:    Checking defaults for OMS/cmsy/m/n on input line 81.
LaTeX Font Info:    ... okay on input line 81.
LaTeX Font Info:    Checking defaults for OMX/cmex/m/n on input line 81.
LaTeX Font Info:    ... okay on input line 81.
LaTeX Font Info:    Checking defaults for U/cmr/m/n on input line 81.
LaTeX Font Info:    ... okay on input line 81.

("C:\Program Files (x86)\MiKTeX 2.9A\tex\context\base\supp-pdf.mkii"
[Loading MPS to PDF converter (version 2006.09.02).]
\scratchcounter=\count137
\scratchdimen=\dimen215
\scratchbox=\box64
\nofMPsegments=\count138
\nofMParguments=\count139
\everyMPshowfont=\toks44
\MPscratchCnt=\count140
\MPscratchDim=\dimen216
\MPnumerator=\count141
\makeMPintoPDFobject=\count142
\everyMPtoPDFconversion=\toks45
) ABD: EveryShipout initializing macros

Package pgfplots Warning: running in backwards compatibility mode (unsuitable t
ick labels; missing features). Consider writing \pgfplotsset{compat=1.8} into y
our preamble.
 on input line 81.

\c@lstlisting=\count143
Package caption Info: Begin \AtBeginDocument code.
Package caption Info: End \AtBeginDocument code.
LaTeX Font Info:    Try loading font information for OMS+ptm on input line 107.

("C:\Program Files (x86)\MiKTeX 2.9A\tex\latex\psnfss\omsptm.fd"
File: omsptm.fd 
)
LaTeX Font Info:    Font shape `OMS/ptm/m/n' in size <10> not available
(Font)              Font shape `OMS/cmsy/m/n' tried instead on input line 107.
LaTeX Font Info:    External font `cmex10' loaded for size
(Font)              <7> on input line 159.
LaTeX Font Info:    External font `cmex10' loaded for size
(Font)              <5> on input line 159.
 [1{C:/Users/dkrutz/AppData/Local/MiKTeX/2.9/pdftex/config/pdftex.map}


]
LaTeX Font Info:    External font `cmex10' loaded for size
(Font)              <8> on input line 204.
LaTeX Font Info:    External font `cmex10' loaded for size
(Font)              <6> on input line 204.
 [2]

Package caption Warning: \label without proper \caption on input line 273.
See the caption package documentation for explanation.


LaTeX Warning: Reference `fig:extractionprocess' on page 3 undefined on input l
ine 260.


Package caption Warning: \label without proper \caption on input line 320.
See the caption package documentation for explanation.


LaTeX Warning: Reference `fig:analysisprocess' on page 3 undefined on input lin
e 316.


LaTeX Warning: `h' float specifier changed to `ht'.


Package caption Warning: \label without proper \caption on input line 423.
See the caption package documentation for explanation.


LaTeX Warning: Reference `fig:VersionEffect' on page 3 undefined on input line 
371.

[3]
LaTeX Font Info:    External font `cmex10' loaded for size
(Font)              <9> on input line 421.

Underfull \hbox (badness 10000) in paragraph at lines 474--475
[]\OT1/ptm/m/n/10 Some widely oc-cur-ring over-priv-i-leges in both
 []


Underfull \hbox (badness 10000) in paragraph at lines 474--475
\OT1/ptm/m/n/10 groups were \OT1/ptm/m/it/10 GET[]ACCOUNTS\OT1/ptm/m/n/10 , whi
ch per-mits
 []


Underfull \hbox (badness 10000) in paragraph at lines 474--475
\OT1/ptm/m/n/10 ac-cess to the list of ac-counts in the ac-counts
 []


Underfull \hbox (badness 10000) in paragraph at lines 474--475
\OT1/ptm/m/n/10 ser-vice, \OT1/ptm/m/it/10 READ[]EXTERNAL[]STORAGE\OT1/ptm/m/n/
10 , which al-lows
 []


Underfull \hbox (badness 2529) in paragraph at lines 474--475
\OT1/ptm/m/n/10 is po-ten-tially dan-ger-ous since an ap-pli-ca-tion could be
 []


Underfull \hbox (badness 2393) in paragraph at lines 474--475
\OT1/ptm/m/n/10 granted ac-cess to in-for-ma-tion which it may not need
 []


Underfull \hbox (badness 10000) in paragraph at lines 474--475
\OT1/ptm/m/n/10 ing \OT1/ptm/m/it/10 AC-CESS[]NETWORK[]STATE READ[]PHONE[]STATE
\OT1/ptm/m/n/10 ,
 []


Underfull \hbox (badness 10000) in paragraph at lines 474--475
\OT1/ptm/m/n/10 and \OT1/ptm/m/it/10 WRITE[]SETTINGS \OT1/ptm/m/n/10 are com-mo
nly found to be
 []

[4]
Underfull \vbox (badness 7869) has occurred while \output is active []

 [5]
Missing character: There is no [ in font nullfont!
Missing character: There is no U in font nullfont!
Missing character: There is no p in font nullfont!
Missing character: There is no d in font nullfont!
Missing character: There is no a in font nullfont!
Missing character: There is no t in font nullfont!
Missing character: There is no e in font nullfont!
Missing character: There is no d in font nullfont!
Missing character: There is no a in font nullfont!
Missing character: There is no t in font nullfont!
Missing character: There is no a in font nullfont!
Missing character: There is no ] in font nullfont!
Missing character: There is no [ in font nullfont!
Missing character: There is no U in font nullfont!
Missing character: There is no p in font nullfont!
Missing character: There is no d in font nullfont!
Missing character: There is no a in font nullfont!
Missing character: There is no t in font nullfont!
Missing character: There is no e in font nullfont!
Missing character: There is no d in font nullfont!
Missing character: There is no a in font nullfont!
Missing character: There is no t in font nullfont!
Missing character: There is no a in font nullfont!
Missing character: There is no ] in font nullfont!
Missing character: There is no [ in font nullfont!
Missing character: There is no U in font nullfont!
Missing character: There is no p in font nullfont!
Missing character: There is no d in font nullfont!
Missing character: There is no a in font nullfont!
Missing character: There is no t in font nullfont!
Missing character: There is no e in font nullfont!
Missing character: There is no d in font nullfont!
Missing character: There is no a in font nullfont!
Missing character: There is no t in font nullfont!
Missing character: There is no a in font nullfont!
Missing character: There is no ] in font nullfont!

[6] [7]
Underfull \hbox (badness 7540) in paragraph at lines 781--782
[]\OT1/ptm/m/n/10 Not sur-pris-ingly, the ma-li-cious ap-pli-ca-tions had a
 []


Underfull \hbox (badness 3930) in paragraph at lines 781--782
\OT1/ptm/m/n/10 much higher num-ber of over-priv-i-leges per ap-pli-ca-tion
 []


Overfull \hbox (2.05907pt too wide) in paragraph at lines 797--797
[]|\OT1/ptm/b/n/8 Malware| 
 []


Overfull \hbox (4.96849pt too wide) in paragraph at lines 797--797
[]|\OT1/ptm/b/n/8 GooglePlay| 
 []


Overfull \hbox (4.87935pt too wide) in paragraph at lines 799--799
[]|\OT1/ptm/m/n/8 ACCESS[]LOCATION[]EXTRA[]COMMANDS| 
 []

<images/screenshot3.png, id=39, 499.8675pt x 474.27188pt>
File: images/screenshot3.png Graphic file (type png)

<use images/screenshot3.png>
Package pdftex.def Info: images/screenshot3.png used on input line 899.
(pdftex.def)             Requested size: 252.0pt x 239.09653pt.
 [8 <C:/Users/dkrutz/Dropbox/confpapers/AndroidData/images/screenshot3.png>] [9
]
(C:\Users\dkrutz\Dropbox\confpapers\AndroidData\AndroidData.bbl
Underfull \hbox (badness 1803) in paragraph at lines 12--14
[]\OT1/ptm/m/n/10 Apk parser.  https://github.com/joakime/android-apk-
 []


Underfull \hbox (badness 1817) in paragraph at lines 40--42
[]\OT1/ptm/m/n/10 List of an-droid app stores.  $http : / / www . onepf . org /

 []


Underfull \hbox (badness 10000) in paragraph at lines 44--47
[]\OT1/ptm/m/n/10 Manifest.permission.  $http : / / developer . android . com /

 []


Underfull \hbox (badness 3260) in paragraph at lines 49--52
[]\OT1/ptm/m/n/10 Security tips.  $http : / / developer . android . com / train
ing /
 []


Underfull \hbox (badness 10000) in paragraph at lines 54--58
[]\OT1/ptm/m/n/10 Manifest.permission.  $http : / / developer . android . com /

 []


Underfull \hbox (badness 2229) in paragraph at lines 68--72
[]\OT1/ptm/m/n/10 T. Ar-men-dariz.  Virus and com-puter safety con-
 []

[10])

** Conference Paper **
Before submitting the final camera ready copy, remember to:

 1. Manually equalize the lengths of two columns on the last page
 of your paper;

 2. Ensure that any PostScript and/or PDF output post-processing
 uses only Type 1 fonts and that every step in the generation
 process uses the appropriate paper size.


Overfull \vbox (2.08246pt too high) has occurred while \output is active []


[11] (C:\Users\dkrutz\Dropbox\confpapers\AndroidData\AndroidData.aux)

LaTeX Warning: There were undefined references.

 ) 
Here is how much of TeX's memory you used:
 23442 strings out of 493921
 560066 string characters out of 3144472
 771996 words of memory out of 3000000
 26291 multiletter control sequences out of 15000+200000
 43866 words of font info for 84 fonts, out of 3000000 for 9000
 841 hyphenation exceptions out of 8191
 56i,19n,93p,1458b,2204s stack positions out of 5000i,500n,10000p,200000b,50000s
{C:/Program Files (x86)/MiKTeX 2.9A/fonts/enc/dvips/fontname/8r.enc}<C:/Progr
am Files (x86)/MiKTeX 2.9A/fonts/type1/public/amsfonts/cm/cmbx8.pfb><C:/Program
 Files (x86)/MiKTeX 2.9A/fonts/type1/public/amsfonts/cm/cmmi7.pfb><C:/Program F
iles (x86)/MiKTeX 2.9A/fonts/type1/public/amsfonts/cm/cmmi8.pfb><C:/Program Fil
es (x86)/MiKTeX 2.9A/fonts/type1/public/amsfonts/cm/cmmi9.pfb><C:/Program Files
 (x86)/MiKTeX 2.9A/fonts/type1/public/amsfonts/cm/cmr7.pfb><C:/Program Files (x
86)/MiKTeX 2.9A/fonts/type1/public/amsfonts/cm/cmr9.pfb><C:/Program Files (x86)
/MiKTeX 2.9A/fonts/type1/public/amsfonts/cm/cmsy10.pfb><C:/Program Files (x86)/
MiKTeX 2.9A/fonts/type1/public/amsfonts/cm/cmsy7.pfb><C:/Program Files (x86)/Mi
KTeX 2.9A/fonts/type1/public/amsfonts/cm/cmsy8.pfb><C:/Program Files (x86)/MiKT
eX 2.9A/fonts/type1/public/amsfonts/cm/cmsy9.pfb><C:/Program Files (x86)/MiKTeX
 2.9A/fonts/type1/urw/times/utmb8a.pfb><C:/Program Files (x86)/MiKTeX 2.9A/font
s/type1/urw/times/utmbi8a.pfb><C:/Program Files (x86)/MiKTeX 2.9A/fonts/type1/u
rw/times/utmr8a.pfb><C:/Program Files (x86)/MiKTeX 2.9A/fonts/type1/urw/times/u
tmri8a.pfb>
Output written on AndroidData.pdf (11 pages, 252925 bytes).
PDF statistics:
 101 PDF objects out of 1000 (max. 8388607)
 0 named destinations out of 1000 (max. 500000)
 18 words of extra memory for PDF output out of 10000 (max. 10000000)

