Fri Dec 20 08:53:10 EST 2013
./txl/c-extract-functions.x -s 400 ALL.c >> examples2/python/_functions.xml

Fri Dec 20 08:53:10 EST 2013

Fri Dec 20 08:53:11 EST 2013
./tools/clonepairs.x examples2/python/_functions.xml 0.3 3 2500 > examples2/python/_functions-clones/_functions-clones-0.3.xml
Processing examples2/python/_functions.xml with difference threshold 30%, clone size 3 .. 2500 lines
Reading pcs . done.
Total 78/7500000 potential clones of 3 lines or more
Used 1757/125000000 total pc lines
Used 34198/750000000 unique line text chars
 and 880/15000000 unique lines
Sorting pcs . done.
Finding clones  done.
Total 699 pc comparisons
Pruning embedded clone pairs . done.
Pruned 0 embedded clone pairs
Found 6 clone pairs
Generating XML output . done.


real	0m0.104s
user	0m0.019s
sys	0m0.052s

Fri Dec 20 08:53:11 EST 2013

Fri Dec 20 08:53:11 EST 2013
./tools/cloneclasses.x examples2/python/_functions-clones/_functions-clones-0.3.xml > examples2/python/_functions-clones/_functions-clones-0.3-classes.xml
Processing examples2/python/_functions-clones/_functions-clones-0.3.xml
Reading clone pairs . done.
Total 6 pairs
Computing classes  done.
Clustered clone pairs into 6 classes
Generating XML output . done.


real	0m0.103s
user	0m0.016s
sys	0m0.053s

Fri Dec 20 08:53:11 EST 2013

Fri Dec 20 08:53:11 EST 2013
./tools/getsource.x examples2/python/_functions-clones/_functions-clones-0.3.xml examples2/python/_functions-clones/_functions-clones-0.3-withsource.xml

real	0m0.008s
user	0m0.002s
sys	0m0.002s

Fri Dec 20 08:53:11 EST 2013

Fri Dec 20 08:53:11 EST 2013
./tools/getsource.x examples2/python/_functions-clones/_functions-clones-0.3-classes.xml examples2/python/_functions-clones/_functions-clones-0.3-classes-withsource.xml

real	0m0.008s
user	0m0.002s
sys	0m0.002s

Fri Dec 20 08:53:11 EST 2013

Fri Dec 20 08:53:11 EST 2013
./tools/tohtmlpairs.x examples2/python/_functions-clones/_functions-clones-0.3-withsource.xml examples2/python/_functions-clones/_functions-clones-0.3-withsource.html

real	0m0.004s
user	0m0.001s
sys	0m0.002s

Fri Dec 20 08:53:11 EST 2013

Fri Dec 20 08:53:11 EST 2013
./tools/tohtmlpairs.x examples2/python/_functions-clones/_functions-clones-0.3-classes-withsource.xml examples2/python/_functions-clones/_functions-clones-0.3-classes-withsource.html

real	0m0.005s
user	0m0.001s
sys	0m0.002s

Fri Dec 20 08:53:11 EST 2013

