Fri Nov  8 10:20:40 EST 2013
./txl/c-extract-functions.x -s 400 ALL.c >> examples/python/_functions.xml

Fri Nov  8 10:20:41 EST 2013

Fri Nov  8 10:20:41 EST 2013
./tools/streamprocess.x './txl/c-rename-blind-functions.x stdin' < examples/python/_functions.xml > examples/python/_functions-blind.xml

real	0m0.225s
user	0m0.179s
sys	0m0.038s

Fri Nov  8 10:20:42 EST 2013

Fri Nov  8 10:20:42 EST 2013
./tools/clonepairs.x examples/python/_functions-blind.xml 0.3 10 2500 > examples/python/_functions-blind-clones/_functions-blind-clones-0.3.xml
Processing examples/python/_functions-blind.xml with difference threshold 30%, clone size 10 .. 2500 lines
Reading pcs . done.
Total 156/7500000 potential clones of 10 lines or more
Used 3148/125000000 total pc lines
Used 25638/750000000 unique line text chars
 and 633/15000000 unique lines
Sorting pcs . done.
Finding clones  done.
Total 1517 pc comparisons
Pruning embedded clone pairs . done.
Pruned 0 embedded clone pairs
Found 101 clone pairs
Generating XML output .. done.


real	0m0.114s
user	0m0.024s
sys	0m0.044s

Fri Nov  8 10:20:42 EST 2013

