Fri Nov  8 10:24:26 EST 2013
./txl/c-extract-functions.x -s 400 ALL.c >> examples/apache/_functions.xml

Fri Nov  8 10:24:27 EST 2013

Fri Nov  8 10:24:27 EST 2013
./tools/streamprocess.x './txl/c-rename-blind-functions.x stdin' < examples/apache/_functions.xml > examples/apache/_functions-blind.xml

real	0m0.072s
user	0m0.049s
sys	0m0.016s

Fri Nov  8 10:24:27 EST 2013

Fri Nov  8 10:24:27 EST 2013
./tools/clonepairs.x examples/apache/_functions-blind.xml 0.3 10 2500 > examples/apache/_functions-blind-clones/_functions-blind-clones-0.3.xml
Processing examples/apache/_functions-blind.xml with difference threshold 30%, clone size 10 .. 2500 lines
Reading pcs . done.
Total 40/7500000 potential clones of 10 lines or more
Used 705/125000000 total pc lines
Used 11332/750000000 unique line text chars
 and 286/15000000 unique lines
Sorting pcs . done.
Finding clones  done.
Total 54 pc comparisons
Pruning embedded clone pairs . done.
Pruned 0 embedded clone pairs
Found 2 clone pairs
Generating XML output . done.


real	0m0.067s
user	0m0.016s
sys	0m0.042s

Fri Nov  8 10:24:27 EST 2013

