Wed Dec 18 13:35:40 EST 2013
./txl/c-extract-functions.x -s 400 ALL.c >> examples2/postgresql/_functions.xml

Wed Dec 18 13:35:41 EST 2013

Wed Dec 18 13:35:41 EST 2013
./tools/clonepairs.x examples2/postgresql/_functions.xml 0.5 3 2500 > examples2/postgresql/_functions-clones/_functions-clones-0.5.xml
Processing examples2/postgresql/_functions.xml with difference threshold 50%, clone size 3 .. 2500 lines
Reading pcs . done.
Total 289/7500000 potential clones of 3 lines or more
Used 3409/125000000 total pc lines
Used 100084/750000000 unique line text chars
 and 2365/15000000 unique lines
Sorting pcs . done.
Finding clones  done.
Total 28382 pc comparisons
Pruning embedded clone pairs . done.
Pruned 0 embedded clone pairs
Found 145 clone pairs
Generating XML output .. done.


real	0m0.089s
user	0m0.032s
sys	0m0.049s

Wed Dec 18 13:35:41 EST 2013

Wed Dec 18 13:35:41 EST 2013
./tools/cloneclasses.x examples2/postgresql/_functions-clones/_functions-clones-0.5.xml > examples2/postgresql/_functions-clones/_functions-clones-0.5-classes.xml
Processing examples2/postgresql/_functions-clones/_functions-clones-0.5.xml
Reading clone pairs . done.
Total 145 pairs
Computing classes  done.
Clustered clone pairs into 29 classes
Generating XML output . done.


real	0m0.073s
user	0m0.017s
sys	0m0.050s

Wed Dec 18 13:35:41 EST 2013

Wed Dec 18 13:35:41 EST 2013
./tools/getsource.x examples2/postgresql/_functions-clones/_functions-clones-0.5.xml examples2/postgresql/_functions-clones/_functions-clones-0.5-withsource.xml

real	0m0.042s
user	0m0.031s
sys	0m0.007s

Wed Dec 18 13:35:41 EST 2013

Wed Dec 18 13:35:41 EST 2013
./tools/getsource.x examples2/postgresql/_functions-clones/_functions-clones-0.5-classes.xml examples2/postgresql/_functions-clones/_functions-clones-0.5-classes-withsource.xml

real	0m0.016s
user	0m0.012s
sys	0m0.003s

Wed Dec 18 13:35:41 EST 2013

Wed Dec 18 13:35:41 EST 2013
./tools/tohtmlpairs.x examples2/postgresql/_functions-clones/_functions-clones-0.5-withsource.xml examples2/postgresql/_functions-clones/_functions-clones-0.5-withsource.html

real	0m0.010s
user	0m0.007s
sys	0m0.002s

Wed Dec 18 13:35:42 EST 2013

Wed Dec 18 13:35:42 EST 2013
./tools/tohtmlpairs.x examples2/postgresql/_functions-clones/_functions-clones-0.5-classes-withsource.xml examples2/postgresql/_functions-clones/_functions-clones-0.5-classes-withsource.html

real	0m0.011s
user	0m0.003s
sys	0m0.002s

Wed Dec 18 13:35:42 EST 2013

