Fri Nov  8 10:24:11 EST 2013
./txl/c-extract-functions.x -s 400 ALL.c >> examples/apache/_functions.xml

Fri Nov  8 10:24:12 EST 2013

Fri Nov  8 10:24:12 EST 2013
./tools/clonepairs.x examples/apache/_functions.xml 0.3 10 2500 > examples/apache/_functions-clones/_functions-clones-0.3.xml
Processing examples/apache/_functions.xml with difference threshold 30%, clone size 10 .. 2500 lines
Reading pcs . done.
Total 40/7500000 potential clones of 10 lines or more
Used 705/125000000 total pc lines
Used 29057/750000000 unique line text chars
 and 539/15000000 unique lines
Sorting pcs . done.
Finding clones  done.
Total 54 pc comparisons
Pruning embedded clone pairs  done.
Pruned 0 embedded clone pairs
Found 0 clone pairs
Generating XML output  done.


real	0m0.085s
user	0m0.017s
sys	0m0.045s

Fri Nov  8 10:24:12 EST 2013

