Fri Nov  8 10:25:36 EST 2013
./txl/c-extract-functions.x -s 400 ALL.c >> examples/postgresql/_functions.xml

Fri Nov  8 10:25:37 EST 2013

Fri Nov  8 10:25:37 EST 2013
./tools/streamprocess.x './txl/c-rename-blind-functions.x stdin' < examples/postgresql/_functions.xml > examples/postgresql/_functions-blind.xml

real	0m0.230s
user	0m0.174s
sys	0m0.048s

Fri Nov  8 10:25:37 EST 2013

Fri Nov  8 10:25:38 EST 2013
./tools/clonepairs.x examples/postgresql/_functions-blind.xml 0.0 10 2500 > examples/postgresql/_functions-blind-clones/_functions-blind-clones-0.0.xml
Processing examples/postgresql/_functions-blind.xml with difference threshold 0%, clone size 10 .. 2500 lines
Reading pcs . done.
Total 289/7500000 potential clones of 10 lines or more
Used 2325/125000000 total pc lines
Used 49926/750000000 unique line text chars
 and 1042/15000000 unique lines
Sorting pcs . done.
Finding clones  done.
Total 746 pc comparisons
Pruning embedded clone pairs . done.
Pruned 0 embedded clone pairs
Found 3 clone pairs
Generating XML output . done.


real	0m0.071s
user	0m0.018s
sys	0m0.049s

Fri Nov  8 10:25:38 EST 2013

