Copyright (C) 2002-2003 Semantic Designs; All Rights Reserved
C~GCC3 CloneDR Clone Detector and Reporter, Version 2.2.6
Copyright (C) 1998-2010 Semantic Designs Inc.; All Rights Reserved; SD Confidential Restricted
*** Unregistered CloneDR Version 2.2
*** Operating with evaluation limits.

Enter control file name : Project file drive name: C:

--- Selected Parameter Values
Similarity Threshold = 95%
Maximum number of parameters = 6
Minimum Mass (lines) = 5.5
Characters per node = 16
Starting height = 1
Common Path Prefix: C:/Users/dkrutz/Desktop/smallfiles/kraw/
Results directory: C:/Users/dkrutz/Desktop/smallfiles/kraw/kraw.results
--- 
Parsing 1 C:/Users/dkrutz/Desktop/smallfiles/kraw/kraw_try1.c...
Registry: Loading RSL definitions from "C:/Program Files (x86)/SemanticDesigns/DMS/Domains/C/GCC3/Tools/Preprocessor/Conditionals.rsl" ...
Registry: Successfully loaded RSL definitions from "C:/Program Files (x86)/SemanticDesigns/DMS/Domains/C/GCC3/Tools/Preprocessor/Conditionals.rsl".
Parsing Duration = 0.400562319 seconds

*** Total Parsing Time = 0.402631347 seconds

File 1 C:/Users/dkrutz/Desktop/smallfiles/kraw/kraw_try1.c has tree depth  = 16; node count =2535
Total line count: 458 spanning 2535 nodes (average nodes/line = 5.53)
Maximum tree depth: 16

Chose hash table size 253
--- In Clone Detection Phase...

--- Generating clone tuples...

Starting tuple detection...
FillHashTableWithTreesFromGivenLevel...1Start Histogram
834 total entries
0:171
1:29
2:20
3:9
4:4
7:2
8:1
9:2
10:1
12:1
15:1
16:2
17:1
19:1
22:1
26:1
27:1
28:2
32:1
50:1
59:1
63:1
72:1
80:1
90:1
End Histogram
Start Histogram
2535 total entries
5:7
6:11
7:15
8:35
9:43
10:43
11:46
12:28
13:21
14:4
15:3
16:1
End Histogram
Collision count 0 hash: 0 #subtrees: +2535

Setting up hash tables = 0.003236332 seconds

Duration for the iteration: 0.000453546 seconds
NumberOfTuplesProduced: 62
Arity 2: 31 tuples, 1.00 avg representatives
Arity 3: 6 tuples, 1.00 avg representatives
Arity 4: 1 tuples, 1.00 avg representatives
Arity 5: 2 tuples, 1.00 avg representatives
Arity 6: 1 tuples, 1.00 avg representatives
Arity 8: 1 tuples, 1.00 avg representatives
Arity 9: 1 tuples, 1.00 avg representatives
Arity 10: 1 tuples, 1.00 avg representatives
Arity 12: 1 tuples, 1.00 avg representatives
Arity 15: 2 tuples, 1.00 avg representatives
Arity 16: 1 tuples, 1.00 avg representatives
Arity 17: 1 tuples, 1.00 avg representatives
Arity 18: 1 tuples, 1.00 avg representatives
Arity 22: 1 tuples, 1.00 avg representatives
Arity 26: 1 tuples, 1.00 avg representatives
Arity 27: 1 tuples, 1.00 avg representatives
Arity 28: 2 tuples, 1.00 avg representatives
Arity 32: 1 tuples, 1.00 avg representatives
Arity 50: 1 tuples, 1.00 avg representatives
Arity 59: 1 tuples, 1.00 avg representatives
Arity 61: 1 tuples, 1.00 avg representatives
Arity 70: 1 tuples, 1.00 avg representatives
Arity 79: 1 tuples, 1.00 avg representatives
Arity 90: 1 tuples, 1.00 avg representatives

Iteration# 2
Duration for the iteration: -0.200926079 seconds
NumberOfTuplesProduced: 61
Arity 2: 19 tuples, 1.00 avg representatives
Arity 3: 11 tuples, 1.00 avg representatives
Arity 4: 3 tuples, 1.00 avg representatives
Arity 6: 4 tuples, 1.00 avg representatives
Arity 8: 1 tuples, 1.00 avg representatives
Arity 9: 1 tuples, 1.00 avg representatives
Arity 10: 1 tuples, 1.00 avg representatives
Arity 11: 1 tuples, 1.00 avg representatives
Arity 14: 6 tuples, 1.00 avg representatives
Arity 15: 2 tuples, 1.00 avg representatives
Arity 16: 2 tuples, 1.00 avg representatives
Arity 19: 1 tuples, 1.00 avg representatives
Arity 22: 1 tuples, 1.00 avg representatives
Arity 23: 3 tuples, 1.00 avg representatives
Arity 32: 1 tuples, 1.00 avg representatives
Arity 44: 1 tuples, 1.00 avg representatives
Arity 47: 1 tuples, 1.00 avg representatives
Arity 57: 1 tuples, 1.00 avg representatives
Arity 75: 1 tuples, 1.00 avg representatives

Iteration# 3
Duration for the iteration: 0.003149567 seconds
NumberOfTuplesProduced: 84
Arity 2: 41 tuples, 1.05 avg representatives
Arity 3: 11 tuples, 1.00 avg representatives
Arity 4: 10 tuples, 1.00 avg representatives
Arity 5: 1 tuples, 1.00 avg representatives
Arity 6: 2 tuples, 1.00 avg representatives
Arity 9: 1 tuples, 1.00 avg representatives
Arity 12: 1 tuples, 1.00 avg representatives
Arity 13: 3 tuples, 1.00 avg representatives
Arity 14: 8 tuples, 1.00 avg representatives
Arity 15: 1 tuples, 1.00 avg representatives
Arity 16: 2 tuples, 1.00 avg representatives
Arity 19: 1 tuples, 1.00 avg representatives
Arity 22: 1 tuples, 1.00 avg representatives
Arity 23: 1 tuples, 1.00 avg representatives

Iteration# 4
Duration for the iteration: 0.003804624 seconds
NumberOfTuplesProduced: 58
Arity 2: 32 tuples, 1.13 avg representatives
Arity 3: 4 tuples, 1.00 avg representatives
Arity 4: 6 tuples, 1.00 avg representatives
Arity 5: 2 tuples, 1.00 avg representatives
Arity 6: 2 tuples, 1.00 avg representatives
Arity 12: 2 tuples, 1.00 avg representatives
Arity 13: 2 tuples, 1.00 avg representatives
Arity 14: 6 tuples, 1.00 avg representatives
Arity 21: 1 tuples, 1.00 avg representatives
Arity 22: 1 tuples, 1.00 avg representatives

Iteration# 5
Duration for the iteration: 0.00194174 seconds
NumberOfTuplesProduced: 46
Arity 2: 26 tuples, 1.15 avg representatives
Arity 3: 2 tuples, 1.00 avg representatives
Arity 4: 6 tuples, 1.50 avg representatives
Arity 5: 1 tuples, 1.00 avg representatives
Arity 6: 2 tuples, 1.00 avg representatives
Arity 12: 1 tuples, 1.00 avg representatives
Arity 13: 2 tuples, 1.00 avg representatives
Arity 14: 5 tuples, 1.00 avg representatives
Arity 21: 1 tuples, 1.00 avg representatives

Iteration# 6
Duration for the iteration: 0.003381797 seconds
NumberOfTuplesProduced: 25
Arity 2: 13 tuples, 1.38 avg representatives
Arity 3: 1 tuples, 1.00 avg representatives
Arity 4: 4 tuples, 1.75 avg representatives
Arity 6: 3 tuples, 1.00 avg representatives
Arity 10: 1 tuples, 1.00 avg representatives
Arity 13: 1 tuples, 1.00 avg representatives
Arity 14: 2 tuples, 1.00 avg representatives

Iteration# 7
Duration for the iteration: 0.002276683 seconds
NumberOfTuplesProduced: 14
Arity 2: 6 tuples, 1.83 avg representatives
Arity 3: 1 tuples, 1.00 avg representatives
Arity 4: 4 tuples, 1.75 avg representatives
Arity 6: 3 tuples, 1.00 avg representatives

Iteration# 8
Duration for the iteration: 0.001106772 seconds
NumberOfTuplesProduced: 9
Arity 2: 4 tuples, 1.75 avg representatives
Arity 4: 3 tuples, 2.00 avg representatives
Arity 6: 2 tuples, 1.00 avg representatives

Iteration# 9
Duration for the iteration: 0.208742099 seconds
NumberOfTuplesProduced: 7
Arity 2: 3 tuples, 2.00 avg representatives
Arity 4: 3 tuples, 2.00 avg representatives
Arity 6: 1 tuples, 1.00 avg representatives

Iteration# 10
Duration for the iteration: 0.000863721 seconds
NumberOfTuplesProduced: 4
Arity 2: 1 tuples, 2.00 avg representatives
Arity 4: 3 tuples, 2.00 avg representatives

Iteration# 11
Duration for the iteration: 0.000503694 seconds
NumberOfTuplesProduced: 3
Arity 2: 1 tuples, 2.00 avg representatives
Arity 4: 2 tuples, 2.50 avg representatives

Iteration# 12
Duration for the iteration: 0.000609598 seconds
NumberOfTuplesProduced: 1
Arity 4: 1 tuples, 4.00 avg representatives

Iteration# 13
Duration for the iteration: 0.000342198 seconds
NumberOfTuplesProduced: 1
Arity 2: 1 tuples, 2.00 avg representatives

Iteration# 14
No new tuples resulting from generalization


Raw Number of CloneSets: 375

Filtering out tuples with too small mass or savings...

Filtering Done. Duration = 0.001474451 seconds


Number of CloneSets after filtering for mass and savings: 67
Eliminating overlapping tuples and sorting result...
All size info computed...
Produce tuple#  g:1 g:2 g:3
...Done. Time taken = 0.000088972 seconds

NumberOfTuplesProduced: 3
Duration for adding parameters to tuples: 0.000058844 seconds

Tuple Clone Detection Duration = 0.031032206 seconds

Clone detection Duration = 0.031052273 seconds

...Clone Detection Phase finished.
In TupleStatistics:ComputeStatistics+1 done with trees.
*** Potential SLOC reduction by candidate clones = 7.49%

*** Producing Report...
Report Production complete, Duration = -0.038952664 seconds

*** Full Clone Detection run Duration = 0.277294436 seconds

*** See Clone Detection report at:
   C:/Users/dkrutz/Desktop/smallfiles/kraw/kraw.results/index.html

Exiting with final status 0
