Wed Dec 18 13:33:31 EST 2013
./txl/c-extract-functions.x -s 400 ALL.c >> examples2/apache_functions.xml

Wed Dec 18 13:33:31 EST 2013

Wed Dec 18 13:33:31 EST 2013
./tools/clonepairs.x examples2/apache_functions.xml 0.5 3 2500 > examples2/apache_functions-clones/apache_functions-clones-0.5.xml
Processing examples2/apache_functions.xml with difference threshold 50%, clone size 3 .. 2500 lines
Reading pcs . done.
Total 40/7500000 potential clones of 3 lines or more
Used 838/125000000 total pc lines
Used 29057/750000000 unique line text chars
 and 539/15000000 unique lines
Sorting pcs . done.
Finding clones  done.
Total 340 pc comparisons
Pruning embedded clone pairs . done.
Pruned 0 embedded clone pairs
Found 28 clone pairs
Generating XML output . done.


real	0m0.077s
user	0m0.017s
sys	0m0.051s

Wed Dec 18 13:33:31 EST 2013

Wed Dec 18 13:33:31 EST 2013
./tools/cloneclasses.x examples2/apache_functions-clones/apache_functions-clones-0.5.xml > examples2/apache_functions-clones/apache_functions-clones-0.5-classes.xml
Processing examples2/apache_functions-clones/apache_functions-clones-0.5.xml
Reading clone pairs . done.
Total 28 pairs
Computing classes  done.
Clustered clone pairs into 6 classes
Generating XML output . done.


real	0m0.076s
user	0m0.016s
sys	0m0.049s

Wed Dec 18 13:33:31 EST 2013

Wed Dec 18 13:33:31 EST 2013
./tools/getsource.x examples2/apache_functions-clones/apache_functions-clones-0.5.xml examples2/apache_functions-clones/apache_functions-clones-0.5-withsource.xml

real	0m0.014s
user	0m0.010s
sys	0m0.003s

Wed Dec 18 13:33:31 EST 2013

Wed Dec 18 13:33:31 EST 2013
./tools/getsource.x examples2/apache_functions-clones/apache_functions-clones-0.5-classes.xml examples2/apache_functions-clones/apache_functions-clones-0.5-classes-withsource.xml

real	0m0.006s
user	0m0.003s
sys	0m0.002s

Wed Dec 18 13:33:31 EST 2013

Wed Dec 18 13:33:31 EST 2013
./tools/tohtmlpairs.x examples2/apache_functions-clones/apache_functions-clones-0.5-withsource.xml examples2/apache_functions-clones/apache_functions-clones-0.5-withsource.html

real	0m0.005s
user	0m0.002s
sys	0m0.001s

Wed Dec 18 13:33:31 EST 2013

Wed Dec 18 13:33:31 EST 2013
./tools/tohtmlpairs.x examples2/apache_functions-clones/apache_functions-clones-0.5-classes-withsource.xml examples2/apache_functions-clones/apache_functions-clones-0.5-classes-withsource.html

real	0m0.004s
user	0m0.001s
sys	0m0.002s

Wed Dec 18 13:33:31 EST 2013

