Fri Nov  8 09:39:11 EST 2013
./txl/java-extract-functions.x -s 400 ALL.java >> examples/kraw_java/_functions.xml

Fri Nov  8 09:39:11 EST 2013

Fri Nov  8 09:39:11 EST 2013
./tools/streamprocess.x './txl/java-rename-blind-functions.x stdin' < examples/kraw_java/_functions.xml > examples/kraw_java/_functions-blind.xml

real	0m0.533s
user	0m0.014s
sys	0m0.053s

Fri Nov  8 09:39:12 EST 2013

Fri Nov  8 09:39:12 EST 2013
./tools/clonepairs.x examples/kraw_java/_functions-blind.xml 0.0 10 2500 > examples/kraw_java/_functions-blind-clones/_functions-blind-clones-0.0.xml
Processing examples/kraw_java/_functions-blind.xml with difference threshold 0%, clone size 10 .. 2500 lines
Reading pcs . done.
Total 35/7500000 potential clones of 10 lines or more
Used 221/125000000 total pc lines
Used 4084/750000000 unique line text chars
 and 110/15000000 unique lines
Sorting pcs . done.
Finding clones  done.
Total 93 pc comparisons
Pruning embedded clone pairs . done.
Pruned 0 embedded clone pairs
Found 15 clone pairs
Generating XML output . done.


real	0m0.147s
user	0m0.017s
sys	0m0.056s

Fri Nov  8 09:39:12 EST 2013

