This is pdfTeX, Version 3.1415926-2.5-1.40.14 (MiKTeX 2.9) (preloaded format=pdflatex 2014.2.20)  21 FEB 2014 10:56
entering extended mode
**C:/Users/dkrutz/Dropbox/confpapers/Clone_Oracle/clone_oracle.tex
(C:/Users/dkrutz/Dropbox/confpapers/Clone_Oracle/clone_oracle.tex
LaTeX2e <2011/06/27>
Babel <v3.8m> and hyphenation patterns for english, afrikaans, ancientgreek, ar
abic, armenian, assamese, basque, bengali, bokmal, bulgarian, catalan, coptic, 
croatian, czech, danish, dutch, esperanto, estonian, farsi, finnish, french, ga
lician, german, german-x-2013-05-26, greek, gujarati, hindi, hungarian, iceland
ic, indonesian, interlingua, irish, italian, kannada, kurmanji, latin, latvian,
 lithuanian, malayalam, marathi, mongolian, mongolianlmc, monogreek, ngerman, n
german-x-2013-05-26, nynorsk, oriya, panjabi, pinyin, polish, portuguese, roman
ian, russian, sanskrit, serbian, slovak, slovenian, spanish, swedish, swissgerm
an, tamil, telugu, turkish, turkmen, ukenglish, ukrainian, uppersorbian, usengl
ishmax, welsh, loaded.
(C:\Users\dkrutz\Dropbox\confpapers\Clone_Oracle\sig-alternate.cls
("C:\Program Files (x86)\MiKTeX 2.9A\tex\latex\graphics\epsfig.sty"
Package: epsfig 1999/02/16 v1.7a (e)psfig emulation (SPQR)

("C:\Program Files (x86)\MiKTeX 2.9A\tex\latex\graphics\graphicx.sty"
Package: graphicx 1999/02/16 v1.0f Enhanced LaTeX Graphics (DPC,SPQR)

("C:\Program Files (x86)\MiKTeX 2.9A\tex\latex\graphics\keyval.sty"
Package: keyval 1999/03/16 v1.13 key=value parser (DPC)
\KV@toks@=\toks14
)
("C:\Program Files (x86)\MiKTeX 2.9A\tex\latex\graphics\graphics.sty"
Package: graphics 2009/02/05 v1.0o Standard LaTeX Graphics (DPC,SPQR)

("C:\Program Files (x86)\MiKTeX 2.9A\tex\latex\graphics\trig.sty"
Package: trig 1999/03/16 v1.09 sin cos tan (DPC)
)
("C:\Program Files (x86)\MiKTeX 2.9A\tex\latex\00miktex\graphics.cfg"
File: graphics.cfg 2007/01/18 v1.5 graphics configuration of teTeX/TeXLive
)
Package graphics Info: Driver file: pdftex.def on input line 91.

("C:\Program Files (x86)\MiKTeX 2.9A\tex\latex\pdftex-def\pdftex.def"
File: pdftex.def 2011/05/27 v0.06d Graphics/color for pdfTeX

("C:\Program Files (x86)\MiKTeX 2.9A\tex\generic\oberdiek\infwarerr.sty"
Package: infwarerr 2010/04/08 v1.3 Providing info/warning/error messages (HO)
)
("C:\Program Files (x86)\MiKTeX 2.9A\tex\generic\oberdiek\ltxcmds.sty"
Package: ltxcmds 2011/11/09 v1.22 LaTeX kernel commands for general use (HO)
)
\Gread@gobject=\count79
))
\Gin@req@height=\dimen102
\Gin@req@width=\dimen103
)
\epsfxsize=\dimen104
\epsfysize=\dimen105
)
("C:\Program Files (x86)\MiKTeX 2.9A\tex\latex\amsfonts\amssymb.sty"
Package: amssymb 2013/01/14 v3.01 AMS font symbols

("C:\Program Files (x86)\MiKTeX 2.9A\tex\latex\amsfonts\amsfonts.sty"
Package: amsfonts 2013/01/14 v3.01 Basic AMSFonts support
\@emptytoks=\toks15
\symAMSa=\mathgroup4
\symAMSb=\mathgroup5
LaTeX Font Info:    Overwriting math alphabet `\mathfrak' in version `bold'
(Font)                  U/euf/m/n --> U/euf/b/n on input line 106.
))
("C:\Program Files (x86)\MiKTeX 2.9A\tex\latex\amsmath\amsmath.sty"
Package: amsmath 2013/01/14 v2.14 AMS math features
\@mathmargin=\skip41

For additional information on amsmath, use the `?' option.
("C:\Program Files (x86)\MiKTeX 2.9A\tex\latex\amsmath\amstext.sty"
Package: amstext 2000/06/29 v2.01

("C:\Program Files (x86)\MiKTeX 2.9A\tex\latex\amsmath\amsgen.sty"
File: amsgen.sty 1999/11/30 v2.0
\@emptytoks=\toks16
\ex@=\dimen106
))
("C:\Program Files (x86)\MiKTeX 2.9A\tex\latex\amsmath\amsbsy.sty"
Package: amsbsy 1999/11/29 v1.2d
\pmbraise@=\dimen107
)
("C:\Program Files (x86)\MiKTeX 2.9A\tex\latex\amsmath\amsopn.sty"
Package: amsopn 1999/12/14 v2.01 operator names
)
\inf@bad=\count80
LaTeX Info: Redefining \frac on input line 210.
\uproot@=\count81
\leftroot@=\count82
LaTeX Info: Redefining \overline on input line 306.
\classnum@=\count83
\DOTSCASE@=\count84
LaTeX Info: Redefining \ldots on input line 378.
LaTeX Info: Redefining \dots on input line 381.
LaTeX Info: Redefining \cdots on input line 466.
\Mathstrutbox@=\box26
\strutbox@=\box27
\big@size=\dimen108
LaTeX Font Info:    Redeclaring font encoding OML on input line 566.
LaTeX Font Info:    Redeclaring font encoding OMS on input line 567.
\macc@depth=\count85
\c@MaxMatrixCols=\count86
\dotsspace@=\muskip10
\c@parentequation=\count87
\dspbrk@lvl=\count88
\tag@help=\toks17
\row@=\count89
\column@=\count90
\maxfields@=\count91
\andhelp@=\toks18
\eqnshift@=\dimen109
\alignsep@=\dimen110
\tagshift@=\dimen111
\tagwidth@=\dimen112
\totwidth@=\dimen113
\lineht@=\dimen114
\@envbody=\toks19
\multlinegap=\skip42
\multlinetaggap=\skip43
\mathdisplay@stack=\toks20
LaTeX Info: Redefining \[ on input line 2665.
LaTeX Info: Redefining \] on input line 2666.
)
Document Class 'sig-alternate' <23rd. May '12>. Modified by G.K.M. Tobin/Gerry 
Murray
Based in part upon document Style `acmconf' <22 May 89>. Hacked 4/91 by
shivers@cs.cmu.edu, 4/93 by theobald@cs.mcgill.ca
Excerpts were taken from (Journal Style) 'esub2acm.cls'.
****** Bugs/comments/suggestions/technicalities to Gerry Murray -- murray@hq.ac
m.org ******
Questions on the style, SIGS policies, etc. to Adrienne Griscti griscti@acm.org

\footheight=\dimen115
\@maxsep=\dimen116
\@dblmaxsep=\dimen117
\aucount=\count92
\originalaucount=\count93
\auwidth=\dimen118
\auskip=\dimen119
\auskipcount=\count94
\auskip=\dimen120
\allauboxes=\dimen121
\addauthors=\toks21
\addauflag=\count95
\subtitletext=\toks22
\savesection=\count96
\sectioncntr=\count97
\c@figure=\count98
\c@table=\count99
\titleboxnotes=\toks23
\titleboxnoteflag=\count100
Document Class: sig-alternate 2012/05/23 - V2.5 - based on acmproc.cls V1.3 <No
v. 30 '99>
("C:\Program Files (x86)\MiKTeX 2.9A\tex\latex\base\latexsym.sty"
Package: latexsym 1998/08/17 v2.2e Standard LaTeX package (lasy symbols)
\symlasy=\mathgroup6
LaTeX Font Info:    Overwriting symbol font `lasy' in version `bold'
(Font)                  U/lasy/m/n --> U/lasy/b/n on input line 47.
)
\@acmtitlebox=\box28
\titlenotecount=\count101
\tntoks=\toks24
\tntokstwo=\toks25
\tntoksthree=\toks26
\tntoksfour=\toks27
\tntoksfive=\toks28
\catcount=\count102
\copyrightnotice=\toks29
\conf=\toks30
\confinfo=\toks31
\c@part=\count103
\c@section=\count104
\c@subsection=\count105
\c@subsubsection=\count106
\c@paragraph=\count107

Using 'Abbrev' bibliography style
LaTeX Info: Redefining \cite on input line 1211.
\bibindent=\dimen122
\colcntr=\count108
\saveb@x=\box29
\copyrtyr=\toks32
\acmcopyr=\toks33
\boilerplate=\toks34
\copyrightetc=\toks35
("C:\Program Files (x86)\MiKTeX 2.9A\tex\latex\base\fontenc.sty"
Package: fontenc 2005/09/27 v1.99g Standard LaTeX package

("C:\Program Files (x86)\MiKTeX 2.9A\tex\latex\base\t1enc.def"
File: t1enc.def 2005/09/27 v1.99g Standard LaTeX file
LaTeX Font Info:    Redeclaring font encoding T1 on input line 43.
)
LaTeX Font Info:    Try loading font information for T1+aer on input line 100.

("C:\Program Files (x86)\MiKTeX 2.9A\tex\latex\ae\t1aer.fd"
File: t1aer.fd 1997/11/16 Font definitions for T1/aer.
)))
("C:\Program Files (x86)\MiKTeX 2.9A\tex\latex\cite\cite.sty"
LaTeX Info: Redefining \cite on input line 302.
LaTeX Info: Redefining \nocite on input line 373.
Package: cite 2010/09/10  v 5.3
)
("C:\Program Files (x86)\MiKTeX 2.9A\tex\latex\url\url.sty"
\Urlmuskip=\muskip11
Package: url 2013/09/16  ver 3.4  Verb mode for urls, etc.
)
("C:\Program Files (x86)\MiKTeX 2.9A\tex\latex\graphics\color.sty"
Package: color 2005/11/14 v1.0j Standard LaTeX Color (DPC)

("C:\Program Files (x86)\MiKTeX 2.9A\tex\latex\00miktex\color.cfg"
File: color.cfg 2007/01/18 v1.5 color configuration of teTeX/TeXLive
)
Package color Info: Driver file: pdftex.def on input line 130.
)
(C:\Users\dkrutz\AppData\Roaming\MiKTeX\2.9\tex\latex\listings\listings.sty
\lst@mode=\count109
\lst@gtempboxa=\box30
\lst@token=\toks36
\lst@length=\count110
\lst@currlwidth=\dimen123
\lst@column=\count111
\lst@pos=\count112
\lst@lostspace=\dimen124
\lst@width=\dimen125
\lst@newlines=\count113
\lst@lineno=\count114
\abovecaptionskip=\skip44
\belowcaptionskip=\skip45
\lst@maxwidth=\dimen126

(C:\Users\dkrutz\AppData\Roaming\MiKTeX\2.9\tex\latex\listings\lstmisc.sty
File: lstmisc.sty 2013/08/05 1.5a (Carsten Heinz)
\c@lstnumber=\count115
\lst@skipnumbers=\count116
\lst@framebox=\box31
)
(C:\Users\dkrutz\AppData\Roaming\MiKTeX\2.9\tex\latex\listings\listings.cfg
File: listings.cfg 2013/08/05 1.5a listings configuration
))
Package: listings 2013/08/05 1.5a (Carsten Heinz)

(C:\Users\dkrutz\Dropbox\confpapers\Clone_Oracle\wrapfig.sty
\wrapoverhang=\dimen127
\WF@size=\dimen128
\c@WF@wrappedlines=\count117
\WF@box=\box32
\WF@everypar=\toks37
Package: wrapfig 2003/01/31  v 3.6
)
("C:\Program Files (x86)\MiKTeX 2.9A\tex\latex\multirow\multirow.sty"
\bigstrutjot=\dimen129
)
(C:\Users\dkrutz\AppData\Roaming\MiKTeX\2.9\tex\latex\listings\lstlang1.sty
File: lstlang1.sty 2013/08/05 1.5a listings language file
)
(C:\Users\dkrutz\AppData\Roaming\MiKTeX\2.9\tex\latex\listings\lstmisc.sty
File: lstmisc.sty 2013/08/05 1.5a (Carsten Heinz)
)
(C:\Users\dkrutz\Dropbox\confpapers\Clone_Oracle\clone_oracle.aux)
LaTeX Font Info:    Checking defaults for OML/cmm/m/it on input line 29.
LaTeX Font Info:    ... okay on input line 29.
LaTeX Font Info:    Checking defaults for T1/cmr/m/n on input line 29.
LaTeX Font Info:    ... okay on input line 29.
LaTeX Font Info:    Checking defaults for OT1/cmr/m/n on input line 29.
LaTeX Font Info:    ... okay on input line 29.
LaTeX Font Info:    Checking defaults for OMS/cmsy/m/n on input line 29.
LaTeX Font Info:    ... okay on input line 29.
LaTeX Font Info:    Checking defaults for OMX/cmex/m/n on input line 29.
LaTeX Font Info:    ... okay on input line 29.
LaTeX Font Info:    Checking defaults for U/cmr/m/n on input line 29.
LaTeX Font Info:    ... okay on input line 29.

("C:\Program Files (x86)\MiKTeX 2.9A\tex\context\base\supp-pdf.mkii"
[Loading MPS to PDF converter (version 2006.09.02).]
\scratchcounter=\count118
\scratchdimen=\dimen130
\scratchbox=\box33
\nofMPsegments=\count119
\nofMParguments=\count120
\everyMPshowfont=\toks38
\MPscratchCnt=\count121
\MPscratchDim=\dimen131
\MPnumerator=\count122
\makeMPintoPDFobject=\count123
\everyMPtoPDFconversion=\toks39
)
\c@lstlisting=\count124
LaTeX Font Info:    Try loading font information for U+msa on input line 50.
 ("C:\Program Files (x86)\MiKTeX 2.9A\tex\latex\amsfonts\umsa.fd"
File: umsa.fd 2013/01/14 v3.01 AMS symbols A
)
LaTeX Font Info:    Try loading font information for U+msb on input line 50.

("C:\Program Files (x86)\MiKTeX 2.9A\tex\latex\amsfonts\umsb.fd"
File: umsb.fd 2013/01/14 v3.01 AMS symbols B
)
LaTeX Font Info:    Try loading font information for U+lasy on input line 50.

("C:\Program Files (x86)\MiKTeX 2.9A\tex\latex\base\ulasy.fd"
File: ulasy.fd 1998/08/17 v2.2e LaTeX symbol font definitions
)
Overfull \hbox (7.8729pt too wide) in paragraph at lines 53--54
\T1/aer/m/n/9 tial for de-vel-op-ing fast and pre-cise code search tech-niques.
[]\T1/aer/m/it/9 [Dan
 []


Overfull \hbox (3.52618pt too wide) in paragraph at lines 77--78
[]\T1/aer/m/n/9 Clones have been clas-si-fied into four pri-mary groups. Type-
 []


Underfull \vbox (badness 10000) has occurred while \output is active []

 [1{C:/Users/dkrutz/AppData/Local/MiKTeX/2.9/pdftex/config/pdftex.map}


]
Overfull \hbox (1.25737pt too wide) in paragraph at lines 110--111
[]\T1/aer/m/n/9 To make this pro-cess more man-age-able, we ran-domly chose
 []

<images/gd5.png, id=12, 499.11469pt x 204.01219pt>
File: images/gd5.png Graphic file (type png)
 <use images/gd5.png>
Package pdftex.def Info: images/gd5.png used on input line 121.
(pdftex.def)             Requested size: 236.15279pt x 122.3491pt.

[2 <C:/Users/dkrutz/Dropbox/confpapers/Clone_Oracle/images/gd5.png>]
LaTeX Font Info:    Try loading font information for T1+aett on input line 140.


("C:\Program Files (x86)\MiKTeX 2.9A\tex\latex\ae\t1aett.fd"
File: t1aett.fd 1997/11/16 Font definitions for T1/aett.
)
Overfull \hbox (10.44066pt too wide) in paragraph at lines 146--155
 [] 
 []


Overfull \hbox (14.07635pt too wide) in paragraph at lines 174--206
 [] 
 []

LaTeX Font Info:    Try loading font information for OMS+aer on input line 247.

("C:\Program Files (x86)\MiKTeX 2.9A\tex\latex\ae\omsaer.fd"
File: omsaer.fd 1999/12/27
)
LaTeX Font Info:    Font shape `OMS/aer/m/n' in size <8> not available
(Font)              Font shape `OMS/cmsy/m/n' tried instead on input line 247.

Overfull \hbox (335.66367pt too wide) in paragraph at lines 342--343
[][]\T1/aer/m/n/9 Read
 []


Overfull \hbox (328.61665pt too wide) in paragraph at lines 342--343
\T1/aer/m/n/9 more:
 []


Overfull \hbox (432.96082pt too wide) in paragraph at lines 342--343
\T1/aer/m/n/9 http://www.physicsforums.com 
 []


Overfull \hbox (344.16853pt too wide) in paragraph at lines 344--345
[][]\T1/aer/bx/n/9 [What
 []


Overfull \hbox (322.90172pt too wide) in paragraph at lines 344--345
\T1/aer/bx/n/9 else
 []


Overfull \hbox (336.20367pt too wide) in paragraph at lines 344--345
\T1/aer/bx/n/9 should
 []


Overfull \hbox (310.01392pt too wide) in paragraph at lines 344--345
\T1/aer/bx/n/9 I
 []


Overfull \hbox (320.6969pt too wide) in paragraph at lines 344--345
\T1/aer/bx/n/9 say
 []


Overfull \hbox (332.74763pt too wide) in paragraph at lines 344--345
\T1/aer/bx/n/9 about
 []


Overfull \hbox (331.17255pt too wide) in paragraph at lines 344--345
\T1/aer/bx/n/9 this?][] 
 []

[3]
Overfull \hbox (383.86754pt too wide) in paragraph at lines 352--352
[]\secfnt RELATED
 []


Overfull \hbox (351.88765pt too wide) in paragraph at lines 352--352
\secfnt WORKS 
 []


Overfull \hbox (306.0pt too wide) in paragraph at lines 352--352
 
 []


Overfull \hbox (338.65158pt too wide) in paragraph at lines 355--356
[]\T1/aer/m/n/9 There
 []


Overfull \hbox (324.23373pt too wide) in paragraph at lines 355--356
\T1/aer/m/n/9 have
 []


Overfull \hbox (324.7375pt too wide) in paragraph at lines 355--356
\T1/aer/m/n/9 been
 []


Overfull \hbox (327.06854pt too wide) in paragraph at lines 355--356
\T1/aer/m/n/9 other
 []


Overfull \hbox (317.3127pt too wide) in paragraph at lines 355--356
\T1/aer/m/n/9 or-
 []


Overfull \hbox (313.6948pt too wide) in paragraph at lines 355--356
\T1/aer/m/n/9 a-
 []


Overfull \hbox (320.42662pt too wide) in paragraph at lines 355--356
\T1/aer/m/n/9 cles
 []


Overfull \hbox (320.91257pt too wide) in paragraph at lines 355--356
\T1/aer/m/n/9 cre-
 []


Overfull \hbox (323.45064pt too wide) in paragraph at lines 355--356
\T1/aer/m/n/9 ated
 []


Underfull \hbox (badness 2671) in paragraph at lines 355--356
\T1/aer/m/n/9 to as-sist in the eval-u-a-tion of clone de-tec-tion tools.
 []

[4] (C:\Users\dkrutz\Dropbox\confpapers\Clone_Oracle\clone_oracle.bbl) [5]
(C:\Users\dkrutz\Dropbox\confpapers\Clone_Oracle\clone_oracle.aux) ) 
Here is how much of TeX's memory you used:
 4140 strings out of 493921
 54276 string characters out of 3144472
 271444 words of memory out of 3000000
 7335 multiletter control sequences out of 15000+200000
 58379 words of font info for 83 fonts, out of 3000000 for 9000
 841 hyphenation exceptions out of 8191
 41i,14n,49p,1861b,1415s stack positions out of 5000i,500n,10000p,200000b,50000s
{C:/Program
 Files (x86)/MiKTeX 2.9A/fonts/enc/dvips/fontname/8r.enc}<C:/Program Files (x86
)/MiKTeX 2.9A/fonts/type1/public/amsfonts/cm/cmbx8.pfb><C:/Program Files (x86)/
MiKTeX 2.9A/fonts/type1/public/amsfonts/cm/cmbx9.pfb><C:/Program Files (x86)/Mi
KTeX 2.9A/fonts/type1/public/amsfonts/cm/cmmi9.pfb><C:/Program Files (x86)/MiKT
eX 2.9A/fonts/type1/public/amsfonts/cm/cmr6.pfb><C:/Program Files (x86)/MiKTeX 
2.9A/fonts/type1/public/amsfonts/cm/cmr8.pfb><C:/Program Files (x86)/MiKTeX 2.9
A/fonts/type1/public/amsfonts/cm/cmr9.pfb><C:/Program Files (x86)/MiKTeX 2.9A/f
onts/type1/public/amsfonts/cm/cmsy8.pfb><C:/Program Files (x86)/MiKTeX 2.9A/fon
ts/type1/public/amsfonts/cm/cmsy9.pfb><C:/Program Files (x86)/MiKTeX 2.9A/fonts
/type1/public/amsfonts/cm/cmti9.pfb><C:/Program Files (x86)/MiKTeX 2.9A/fonts/t
ype1/public/amsfonts/cm/cmtt9.pfb><C:/Program Files (x86)/MiKTeX 2.9A/fonts/typ
e1/urw/helvetic/uhvb8a.pfb><C:/Program Files (x86)/MiKTeX 2.9A/fonts/type1/urw/
helvetic/uhvr8a.pfb><C:/Program Files (x86)/MiKTeX 2.9A/fonts/type1/urw/times/u
tmb8a.pfb><C:/Program Files (x86)/MiKTeX 2.9A/fonts/type1/urw/times/utmr8a.pfb>
<C:/Program Files (x86)/MiKTeX 2.9A/fonts/type1/urw/times/utmri8a.pfb>
Output written on clone_oracle.pdf (5 pages, 222722 bytes).
PDF statistics:
 82 PDF objects out of 1000 (max. 8388607)
 0 named destinations out of 1000 (max. 500000)
 6 words of extra memory for PDF output out of 10000 (max. 10000000)

