Fri Dec 20 08:52:36 EST 2013
./txl/c-extract-functions.x -s 400 ALL.c >> examples2/python/_functions.xml

Fri Dec 20 08:52:37 EST 2013

Fri Dec 20 08:52:37 EST 2013
./tools/clonepairs.x examples2/python/_functions.xml 0.4 3 2500 > examples2/python/_functions-clones/_functions-clones-0.4.xml
Processing examples2/python/_functions.xml with difference threshold 40%, clone size 3 .. 2500 lines
Reading pcs . done.
Total 78/7500000 potential clones of 3 lines or more
Used 1757/125000000 total pc lines
Used 34198/750000000 unique line text chars
 and 880/15000000 unique lines
Sorting pcs . done.
Finding clones  done.
Total 959 pc comparisons
Pruning embedded clone pairs . done.
Pruned 0 embedded clone pairs
Found 17 clone pairs
Generating XML output . done.


real	0m0.086s
user	0m0.019s
sys	0m0.051s

Fri Dec 20 08:52:37 EST 2013

Fri Dec 20 08:52:37 EST 2013
./tools/cloneclasses.x examples2/python/_functions-clones/_functions-clones-0.4.xml > examples2/python/_functions-clones/_functions-clones-0.4-classes.xml
Processing examples2/python/_functions-clones/_functions-clones-0.4.xml
Reading clone pairs . done.
Total 17 pairs
Computing classes  done.
Clustered clone pairs into 9 classes
Generating XML output . done.


real	0m0.096s
user	0m0.017s
sys	0m0.054s

Fri Dec 20 08:52:37 EST 2013

Fri Dec 20 08:52:37 EST 2013
./tools/getsource.x examples2/python/_functions-clones/_functions-clones-0.4.xml examples2/python/_functions-clones/_functions-clones-0.4-withsource.xml

real	0m0.017s
user	0m0.005s
sys	0m0.002s

Fri Dec 20 08:52:37 EST 2013

Fri Dec 20 08:52:37 EST 2013
./tools/getsource.x examples2/python/_functions-clones/_functions-clones-0.4-classes.xml examples2/python/_functions-clones/_functions-clones-0.4-classes-withsource.xml

real	0m0.009s
user	0m0.003s
sys	0m0.002s

Fri Dec 20 08:52:37 EST 2013

Fri Dec 20 08:52:37 EST 2013
./tools/tohtmlpairs.x examples2/python/_functions-clones/_functions-clones-0.4-withsource.xml examples2/python/_functions-clones/_functions-clones-0.4-withsource.html

real	0m0.007s
user	0m0.003s
sys	0m0.002s

Fri Dec 20 08:52:37 EST 2013

Fri Dec 20 08:52:37 EST 2013
./tools/tohtmlpairs.x examples2/python/_functions-clones/_functions-clones-0.4-classes-withsource.xml examples2/python/_functions-clones/_functions-clones-0.4-classes-withsource.html

real	0m0.006s
user	0m0.002s
sys	0m0.002s

Fri Dec 20 08:52:37 EST 2013

