Fri Nov  8 10:26:15 EST 2013
./txl/c-extract-functions.x -s 400 ALL.c >> examples/postgresql/_functions.xml

Fri Nov  8 10:26:16 EST 2013

Fri Nov  8 10:26:16 EST 2013
./tools/streamprocess.x './txl/c-rename-blind-functions.x stdin' < examples/postgresql/_functions.xml > examples/postgresql/_functions-blind.xml

real	0m0.247s
user	0m0.175s
sys	0m0.052s

Fri Nov  8 10:26:16 EST 2013

Fri Nov  8 10:26:16 EST 2013
./tools/clonepairs.x examples/postgresql/_functions-blind.xml 0.3 10 2500 > examples/postgresql/_functions-blind-clones/_functions-blind-clones-0.3.xml
Processing examples/postgresql/_functions-blind.xml with difference threshold 30%, clone size 10 .. 2500 lines
Reading pcs . done.
Total 289/7500000 potential clones of 10 lines or more
Used 2325/125000000 total pc lines
Used 49926/750000000 unique line text chars
 and 1042/15000000 unique lines
Sorting pcs . done.
Finding clones  done.
Total 4148 pc comparisons
Pruning embedded clone pairs . done.
Pruned 0 embedded clone pairs
Found 81 clone pairs
Generating XML output . done.


real	0m0.088s
user	0m0.021s
sys	0m0.046s

Fri Nov  8 10:26:16 EST 2013

