Wed Dec 18 12:10:10 EST 2013
./txl/c-extract-blocks.x -s 400 ALL.c >> examples2/python/_blocks.xml
[examples2/python//cmathmodule.c.ifdefed, c-extract-blocks.txl] : TXL0127E input file 'examples2/python//cmathmodule.c.ifdefed' - Parse time limit (161000000 cycles) exceeded
[examples2/python//cmathmodule.c.ifdefed, c-extract-blocks.txl] : TXL0192E line 394 of examples2/python//cmathmodule.c.ifdefed - Syntax error at or near:
	, "This module is always available. It provides access to mathematical\n" "functions for complex numbers." ) ; >>> static <<< PyMethodDef cmath_methods [ ] = 
[examples2/python//smallPython/cmathmodule.c.ifdefed, c-extract-blocks.txl] : TXL0127E input file 'examples2/python//smallPython/cmathmodule.c.ifdefed' - Parse time limit (161000000 cycles) exceeded
[examples2/python//smallPython/cmathmodule.c.ifdefed, c-extract-blocks.txl] : TXL0192E line 394 of examples2/python//smallPython/cmathmodule.c.ifdefed - Syntax error at or near:
	, "This module is always available. It provides access to mathematical\n" "functions for complex numbers." ) ; >>> static <<< PyMethodDef cmath_methods [ ] = 

Wed Dec 18 12:10:20 EST 2013

Wed Dec 18 12:10:20 EST 2013
./tools/clonepairs.x examples2/python/_blocks.xml 0.3 3 2500 > examples2/python/_blocks-clones/_blocks-clones-0.3.xml
Processing examples2/python/_blocks.xml with difference threshold 30%, clone size 3 .. 2500 lines
Reading pcs . done.
Total 404/7500000 potential clones of 3 lines or more
Used 5482/125000000 total pc lines
Used 57138/750000000 unique line text chars
 and 1040/15000000 unique lines
Sorting pcs . done.
Finding clones  done.
Total 25994 pc comparisons
Pruning embedded clone pairs .... done.
Pruned 335 embedded clone pairs
Found 2687 clone pairs
Generating XML output ........................... done.


real	0m0.168s
user	0m0.070s
sys	0m0.055s

Wed Dec 18 12:10:20 EST 2013

Wed Dec 18 12:10:20 EST 2013
./tools/cloneclasses.x examples2/python/_blocks-clones/_blocks-clones-0.3.xml > examples2/python/_blocks-clones/_blocks-clones-0.3-classes.xml
Processing examples2/python/_blocks-clones/_blocks-clones-0.3.xml
Reading clone pairs ... done.
Total 2687 pairs
Computing classes  done.
Clustered clone pairs into 59 classes
Generating XML output . done.


real	0m0.161s
user	0m0.060s
sys	0m0.055s

Wed Dec 18 12:10:21 EST 2013

Wed Dec 18 12:10:21 EST 2013
./tools/getsource.x examples2/python/_blocks-clones/_blocks-clones-0.3.xml examples2/python/_blocks-clones/_blocks-clones-0.3-withsource.xml

real	0m0.856s
user	0m0.594s
sys	0m0.117s

Wed Dec 18 12:10:21 EST 2013

Wed Dec 18 12:10:21 EST 2013
./tools/getsource.x examples2/python/_blocks-clones/_blocks-clones-0.3-classes.xml examples2/python/_blocks-clones/_blocks-clones-0.3-classes-withsource.xml

real	0m0.040s
user	0m0.028s
sys	0m0.007s

Wed Dec 18 12:10:21 EST 2013

Wed Dec 18 12:10:22 EST 2013
./tools/tohtmlpairs.x examples2/python/_blocks-clones/_blocks-clones-0.3-withsource.xml examples2/python/_blocks-clones/_blocks-clones-0.3-withsource.html

real	0m0.145s
user	0m0.079s
sys	0m0.012s

Wed Dec 18 12:10:22 EST 2013

Wed Dec 18 12:10:22 EST 2013
./tools/tohtmlpairs.x examples2/python/_blocks-clones/_blocks-clones-0.3-classes-withsource.xml examples2/python/_blocks-clones/_blocks-clones-0.3-classes-withsource.html

real	0m0.013s
user	0m0.010s
sys	0m0.002s

Wed Dec 18 12:10:22 EST 2013

