Fri Dec 20 08:51:52 EST 2013
./txl/c-extract-functions.x -s 400 ALL.c >> examples2/python/_functions.xml

Fri Dec 20 08:51:53 EST 2013

Fri Dec 20 08:51:53 EST 2013
./tools/clonepairs.x examples2/python/_functions.xml 0.5 3 2500 > examples2/python/_functions-clones/_functions-clones-0.5.xml
Processing examples2/python/_functions.xml with difference threshold 50%, clone size 3 .. 2500 lines
Reading pcs . done.
Total 78/7500000 potential clones of 3 lines or more
Used 1757/125000000 total pc lines
Used 34198/750000000 unique line text chars
 and 880/15000000 unique lines
Sorting pcs . done.
Finding clones  done.
Total 1242 pc comparisons
Pruning embedded clone pairs . done.
Pruned 0 embedded clone pairs
Found 65 clone pairs
Generating XML output . done.


real	0m0.287s
user	0m0.021s
sys	0m0.055s

Fri Dec 20 08:51:53 EST 2013

Fri Dec 20 08:51:53 EST 2013
./tools/cloneclasses.x examples2/python/_functions-clones/_functions-clones-0.5.xml > examples2/python/_functions-clones/_functions-clones-0.5-classes.xml
Processing examples2/python/_functions-clones/_functions-clones-0.5.xml
Reading clone pairs . done.
Total 65 pairs
Computing classes  done.
Clustered clone pairs into 12 classes
Generating XML output . done.


real	0m0.094s
user	0m0.016s
sys	0m0.055s

Fri Dec 20 08:51:53 EST 2013

Fri Dec 20 08:51:53 EST 2013
./tools/getsource.x examples2/python/_functions-clones/_functions-clones-0.5.xml examples2/python/_functions-clones/_functions-clones-0.5-withsource.xml

real	0m0.042s
user	0m0.016s
sys	0m0.005s

Fri Dec 20 08:51:53 EST 2013

Fri Dec 20 08:51:53 EST 2013
./tools/getsource.x examples2/python/_functions-clones/_functions-clones-0.5-classes.xml examples2/python/_functions-clones/_functions-clones-0.5-classes-withsource.xml

real	0m0.008s
user	0m0.005s
sys	0m0.002s

Fri Dec 20 08:51:53 EST 2013

Fri Dec 20 08:51:53 EST 2013
./tools/tohtmlpairs.x examples2/python/_functions-clones/_functions-clones-0.5-withsource.xml examples2/python/_functions-clones/_functions-clones-0.5-withsource.html

real	0m0.020s
user	0m0.007s
sys	0m0.002s

Fri Dec 20 08:51:53 EST 2013

Fri Dec 20 08:51:53 EST 2013
./tools/tohtmlpairs.x examples2/python/_functions-clones/_functions-clones-0.5-classes-withsource.xml examples2/python/_functions-clones/_functions-clones-0.5-classes-withsource.html

real	0m0.005s
user	0m0.003s
sys	0m0.001s

Fri Dec 20 08:51:53 EST 2013

