Fri Nov  8 10:26:29 EST 2013
./txl/c-extract-functions.x -s 400 ALL.c >> examples/postgresql/_functions.xml

Fri Nov  8 10:26:30 EST 2013

Fri Nov  8 10:26:30 EST 2013
./tools/streamprocess.x './txl/c-rename-consistent-functions.x stdin' < examples/postgresql/_functions.xml > examples/postgresql/_functions-consistent.xml

real	0m0.532s
user	0m0.432s
sys	0m0.058s

Fri Nov  8 10:26:30 EST 2013

Fri Nov  8 10:26:30 EST 2013
./tools/clonepairs.x examples/postgresql/_functions-consistent.xml 0.3 10 2500 > examples/postgresql/_functions-consistent-clones/_functions-consistent-clones-0.3.xml
Processing examples/postgresql/_functions-consistent.xml with difference threshold 30%, clone size 10 .. 2500 lines
Reading pcs . done.
Total 289/7500000 potential clones of 10 lines or more
Used 2325/125000000 total pc lines
Used 65467/750000000 unique line text chars
 and 1860/15000000 unique lines
Sorting pcs . done.
Finding clones  done.
Total 4148 pc comparisons
Pruning embedded clone pairs . done.
Pruned 0 embedded clone pairs
Found 39 clone pairs
Generating XML output . done.


real	0m0.074s
user	0m0.021s
sys	0m0.050s

Fri Nov  8 10:26:30 EST 2013

