Fri Nov  8 09:43:47 EST 2013
./txl/java-extract-functions.x -s 400 ALL.java >> examples/kraw_java/_functions.xml

Fri Nov  8 09:43:47 EST 2013

Fri Nov  8 09:43:47 EST 2013
./tools/streamprocess.x './txl/java-rename-consistent-functions.x stdin' < examples/kraw_java/_functions.xml > examples/kraw_java/_functions-consistent.xml

real	0m0.474s
user	0m0.019s
sys	0m0.056s

Fri Nov  8 09:43:48 EST 2013

Fri Nov  8 09:43:48 EST 2013
./tools/clonepairs.x examples/kraw_java/_functions-consistent.xml 0.0 10 2500 > examples/kraw_java/_functions-consistent-clones/_functions-consistent-clones-0.0.xml
Processing examples/kraw_java/_functions-consistent.xml with difference threshold 0%, clone size 10 .. 2500 lines
Reading pcs . done.
Total 35/7500000 potential clones of 10 lines or more
Used 221/125000000 total pc lines
Used 4807/750000000 unique line text chars
 and 149/15000000 unique lines
Sorting pcs . done.
Finding clones  done.
Total 93 pc comparisons
Pruning embedded clone pairs . done.
Pruned 0 embedded clone pairs
Found 10 clone pairs
Generating XML output . done.


real	0m0.136s
user	0m0.017s
sys	0m0.055s

Fri Nov  8 09:43:48 EST 2013

