Fri Nov  8 11:13:55 EST 2013
./txl/java-extract-functions.x -s 400 ALL.java >> examples/kraw_java/_functions.xml

Fri Nov  8 11:13:55 EST 2013

Fri Nov  8 11:13:55 EST 2013
./tools/clonepairs.x examples/kraw_java/_functions.xml 0.3 3 2500 > examples/kraw_java/_functions-clones/_functions-clones-0.3.xml
Processing examples/kraw_java/_functions.xml with difference threshold 30%, clone size 3 .. 2500 lines
Reading pcs . done.
Total 35/7500000 potential clones of 3 lines or more
Used 318/125000000 total pc lines
Used 6027/750000000 unique line text chars
 and 180/15000000 unique lines
Sorting pcs . done.
Finding clones  done.
Total 336 pc comparisons
Pruning embedded clone pairs . done.
Pruned 0 embedded clone pairs
Found 62 clone pairs
Generating XML output . done.


real	0m0.072s
user	0m0.017s
sys	0m0.047s

Fri Nov  8 11:13:55 EST 2013

Fri Nov  8 11:13:55 EST 2013
./tools/cloneclasses.x examples/kraw_java/_functions-clones/_functions-clones-0.3.xml > examples/kraw_java/_functions-clones/_functions-clones-0.3-classes.xml
Processing examples/kraw_java/_functions-clones/_functions-clones-0.3.xml
Reading clone pairs . done.
Total 62 pairs
Computing classes  done.
Clustered clone pairs into 2 classes
Generating XML output . done.


real	0m0.073s
user	0m0.016s
sys	0m0.047s

Fri Nov  8 11:13:55 EST 2013

Fri Nov  8 11:13:55 EST 2013
./tools/getsource.x examples/kraw_java/_functions-clones/_functions-clones-0.3.xml examples/kraw_java/_functions-clones/_functions-clones-0.3-withsource.xml

real	0m0.020s
user	0m0.008s
sys	0m0.003s

Fri Nov  8 11:13:55 EST 2013

Fri Nov  8 11:13:55 EST 2013
./tools/getsource.x examples/kraw_java/_functions-clones/_functions-clones-0.3-classes.xml examples/kraw_java/_functions-clones/_functions-clones-0.3-classes-withsource.xml

real	0m0.033s
user	0m0.001s
sys	0m0.002s

Fri Nov  8 11:13:55 EST 2013

Fri Nov  8 11:13:56 EST 2013
./tools/tohtmlpairs.x examples/kraw_java/_functions-clones/_functions-clones-0.3-withsource.xml examples/kraw_java/_functions-clones/_functions-clones-0.3-withsource.html

real	0m0.005s
user	0m0.002s
sys	0m0.002s

Fri Nov  8 11:13:56 EST 2013

Fri Nov  8 11:13:56 EST 2013
./tools/tohtmlpairs.x examples/kraw_java/_functions-clones/_functions-clones-0.3-classes-withsource.xml examples/kraw_java/_functions-clones/_functions-clones-0.3-classes-withsource.html

real	0m0.005s
user	0m0.001s
sys	0m0.001s

Fri Nov  8 11:13:56 EST 2013

