
Fri Nov 21 20:28:54 UTC 2014
./tools/clonepairs.x ../../Dataset/Dataset_full_functions.xml 0.3 10 2500 > ../../Dataset/Dataset_full_functions-clones/Dataset_full_functions-clones-0.3.xml
Processing ../../Dataset/Dataset_full_functions.xml with difference threshold 30%, clone size 10 .. 2500 lines
Reading pcs . done.
Total 498/7500000 potential clones of 10 lines or more
Used 2635/125000000 total pc lines
Used 185378/750000000 unique line text chars
 and 2692/15000000 unique lines
Sorting pcs . done.
Finding clones  done.
Total 1651 pc comparisons
Pruning embedded clone pairs . done.
Pruned 0 embedded clone pairs
Found 20 clone pairs
Generating XML output . done.


real	0m0.425s
user	0m0.052s
sys	0m0.368s

Fri Nov 21 20:28:55 UTC 2014

Fri Nov 21 20:28:55 UTC 2014
./tools/cloneclasses.x ../../Dataset/Dataset_full_functions-clones/Dataset_full_functions-clones-0.3.xml > ../../Dataset/Dataset_full_functions-clones/Dataset_full_functions-clones-0.3-classes.xml
Processing ../../Dataset/Dataset_full_functions-clones/Dataset_full_functions-clones-0.3.xml
Reading clone pairs . done.
Total 20 pairs
Computing classes  done.
Clustered clone pairs into 7 classes
Generating XML output . done.


real	0m0.172s
user	0m0.016s
sys	0m0.152s

Fri Nov 21 20:28:55 UTC 2014

