Wed Dec 18 12:01:21 EST 2013
./txl/c-extract-blocks.x -s 400 ALL.c >> examples2/apache_blocks.xml

Wed Dec 18 12:01:22 EST 2013

Wed Dec 18 12:01:22 EST 2013
./tools/clonepairs.x examples2/apache_blocks.xml 0.3 3 2500 > examples2/apache_blocks-clones/apache_blocks-clones-0.3.xml
Processing examples2/apache_blocks.xml with difference threshold 30%, clone size 3 .. 2500 lines
Reading pcs . done.
Total 175/7500000 potential clones of 3 lines or more
Used 1538/125000000 total pc lines
Used 39075/750000000 unique line text chars
 and 636/15000000 unique lines
Sorting pcs . done.
Finding clones  done.
Total 6266 pc comparisons
Pruning embedded clone pairs . done.
Pruned 5 embedded clone pairs
Found 81 clone pairs
Generating XML output . done.


real	0m0.108s
user	0m0.020s
sys	0m0.053s

Wed Dec 18 12:01:22 EST 2013

Wed Dec 18 12:01:22 EST 2013
./tools/cloneclasses.x examples2/apache_blocks-clones/apache_blocks-clones-0.3.xml > examples2/apache_blocks-clones/apache_blocks-clones-0.3-classes.xml
Processing examples2/apache_blocks-clones/apache_blocks-clones-0.3.xml
Reading clone pairs . done.
Total 81 pairs
Computing classes  done.
Clustered clone pairs into 14 classes
Generating XML output . done.


real	0m0.104s
user	0m0.019s
sys	0m0.057s

Wed Dec 18 12:01:22 EST 2013

Wed Dec 18 12:01:22 EST 2013
./tools/getsource.x examples2/apache_blocks-clones/apache_blocks-clones-0.3.xml examples2/apache_blocks-clones/apache_blocks-clones-0.3-withsource.xml

real	0m0.055s
user	0m0.016s
sys	0m0.005s

Wed Dec 18 12:01:22 EST 2013

Wed Dec 18 12:01:22 EST 2013
./tools/getsource.x examples2/apache_blocks-clones/apache_blocks-clones-0.3-classes.xml examples2/apache_blocks-clones/apache_blocks-clones-0.3-classes-withsource.xml

real	0m0.009s
user	0m0.005s
sys	0m0.002s

Wed Dec 18 12:01:22 EST 2013

Wed Dec 18 12:01:22 EST 2013
./tools/tohtmlpairs.x examples2/apache_blocks-clones/apache_blocks-clones-0.3-withsource.xml examples2/apache_blocks-clones/apache_blocks-clones-0.3-withsource.html

real	0m0.006s
user	0m0.003s
sys	0m0.002s

Wed Dec 18 12:01:22 EST 2013

Wed Dec 18 12:01:22 EST 2013
./tools/tohtmlpairs.x examples2/apache_blocks-clones/apache_blocks-clones-0.3-classes-withsource.xml examples2/apache_blocks-clones/apache_blocks-clones-0.3-classes-withsource.html

real	0m0.005s
user	0m0.001s
sys	0m0.002s

Wed Dec 18 12:01:22 EST 2013

